This is LuaHBTeX, Version 1.24.0 (MiKTeX 25.12 Portable) (format=lualatex 2026.6.27)  28 JUN 2026 12:11
 system commands enabled.
**book-it.tex
(./book-it.tex
LaTeX2e <2025-11-01>
L3 programming layer <2025-12-24>
Lua module: luaotfload 2024-12-03 v3.29 Lua based OpenType font support
Lua module: lualibs 2023-07-13 v2.76 ConTeXt Lua standard libraries.
Lua module: lualibs-extended 2023-07-13 v2.76 ConTeXt Lua libraries -- extended 
collection.
luaotfload | conf : Root cache directory is "C:/Users/ricca/scoop/apps/miktex/cu
rrent/texmfs/data/luatex-cache/generic/names".
luaotfload | init : Loading fontloader "fontloader-2023-12-28.lua" from kpse-res
olved path "C:/Users/ricca/scoop/apps/miktex/current/texmfs/install/tex/luatex/l
uaotfload/fontloader-2023-12-28.lua".
Lua-only attribute luaotfload@noligature = 1
luaotfload | init : Context OpenType loader version 3.134
Inserting `luaotfload.node_processor' in `pre_linebreak_filter'.
Inserting `luaotfload.node_processor' in `hpack_filter'.
Inserting `luaotfload.glyph_stream' in `glyph_stream_provider'.
Inserting `luaotfload.define_font' in `define_font'.
Lua-only attribute luaotfload_color_attribute = 2
luaotfload | conf : Root cache directory is "C:/Users/ricca/scoop/apps/miktex/cu
rrent/texmfs/data/luatex-cache/generic/names".
Inserting `luaotfload.harf.strip_prefix' in `find_opentype_file'.
Inserting `luaotfload.harf.strip_prefix' in `find_truetype_file'.
Removing  `luaotfload.glyph_stream' from `glyph_stream_provider'.
Inserting `luaotfload.harf.glyphstream' in `glyph_stream_provider'.
Inserting `luaotfload.harf.finalize_vlist' in `post_linebreak_filter'.
Inserting `luaotfload.harf.finalize_hlist' in `hpack_filter'.
Inserting `luaotfload.cleanup_files' in `wrapup_run'.
Inserting `luaotfload.harf.finalize_unicode' in `finish_pdffile'.
Inserting `luaotfload.glyphinfo' in `glyph_info'.
Lua-only attribute luaotfload.letterspace_done = 3
Inserting `luaotfload.aux.set_sscale_dimens' in `luaotfload.patch_font'.
Inserting `luaotfload.aux.set_font_index' in `luaotfload.patch_font'.
Inserting `luaotfload.aux.patch_cambria_domh' in `luaotfload.patch_font'.
Inserting `luaotfload.aux.fixup_fontdata' in `luaotfload.patch_font_unsafe'.
Inserting `luaotfload.aux.set_capheight' in `luaotfload.patch_font'.
Inserting `luaotfload.aux.set_xheight' in `luaotfload.patch_font'.
Inserting `luaotfload.rewrite_fontname' in `luaotfload.patch_font'.
Inserting `tracingstacklevels' in `input_level_string'.
(C:/Users/ricca/scoop/apps/miktex/current/texmfs/install/tex/latex/base/book.cl
s
Document Class: book 2025/01/22 v1.4n Standard LaTeX document class

(C:/Users/ricca/scoop/apps/miktex/current/texmfs/install/tex/latex/base/bk10.cl
o
File: bk10.clo 2025/01/22 v1.4n Standard LaTeX file (size option)
luaotfload | db : Font names database loaded from C:/Users/ricca/scoop/apps/mikt
ex/current/texmfs/data/luatex-cache/generic/names/luaotfload-names.luc.gz)
\c@part=\count273
\c@chapter=\count274
\c@section=\count275
\c@subsection=\count276
\c@subsubsection=\count277
\c@paragraph=\count278
\c@subparagraph=\count279
\c@figure=\count280
\c@table=\count281
\abovecaptionskip=\skip49
\belowcaptionskip=\skip50
\bibindent=\dimen147
) (./config.tex) (./config-it.tex) (./lang/it.tex)
(./styles/manning-style.tex
(C:/Users/ricca/scoop/apps/miktex/current/texmfs/install/tex/generic/babel/babe
l.sty
Package: babel 2025/12/11 v25.17 The multilingual framework for LuaLaTeX, pdfLa
TeX and XeLaTeX

(C:/Users/ricca/scoop/apps/miktex/current/texmfs/install/tex/generic/babel/luab
abel.def
\bbl@readstream=\read2
\l@afrikaans=\language2
Package babel Info: Non-standard hyphenation setup on input line 118.
\l@ancientgreek=\language3
\l@armenian=\language4
\l@assamese=\language5
\l@basque=\language6
\l@belarusian=\language7
\l@bengali=\language8
\l@bokmal=\language9
\l@bulgarian=\language10
\l@catalan=\language11
\l@churchslavonic=\language12
\l@classiclatin=\language13
\l@coptic=\language14
\l@croatian=\language15
\l@czech=\language16
\l@danish=\language17
\l@dutch=\language18
\l@esperanto=\language19
\l@estonian=\language20
\l@ethiopic=\language21
\l@finnish=\language22
\l@french=\language23
\l@friulan=\language24
\l@galician=\language25
\l@georgian=\language26
\l@german=\language27
\l@greek=\language28
\l@gujarati=\language29
\l@hindi=\language30
\l@hungarian=\language31
\l@icelandic=\language32
\l@indonesian=\language33
\l@interlingua=\language34
\l@irish=\language35
\l@italian=\language36
\l@kannada=\language37
\l@kurmanji=\language38
\l@latin=\language39
\l@latvian=\language40
\l@lithuanian=\language41
\l@liturgicallatin=\language42
\l@macedonian=\language43
\l@malayalam=\language44
\l@marathi=\language45
\l@mongolian=\language46
\l@mongolianlmc=\language47
\l@monogreek=\language48
\l@ngerman=\language49
\l@nynorsk=\language50
\l@occitan=\language51
\l@oriya=\language52
\l@pali=\language53
\l@panjabi=\language54
\l@piedmontese=\language55
\l@polish=\language56
\l@portuguese=\language57
\l@romanian=\language58
\l@romansh=\language59
\l@russian=\language60
\l@sanskrit=\language61
\l@serbian=\language62
\l@serbianc=\language63
\l@slovak=\language64
\l@slovenian=\language65
\l@spanish=\language66
\l@swedish=\language67
\l@swissgerman=\language68
\l@tamil=\language69
\l@telugu=\language70
\l@thai=\language71
\l@turkish=\language72
\l@turkmen=\language73
\l@ukenglish=\language74
\l@ukrainian=\language75
\l@uppersorbian=\language76
\l@usenglishmax=\language77
\l@welsh=\language78
\babelcatcodetablenum=\catcodetable14
\bbl@pattcodes=\catcodetable15
)
\babel@savecnt=\count282
LaTeX Encoding Info:    Redeclaring text command \ij (encoding OT1) on input li
ne 2068.
LaTeX Encoding Info:    Redeclaring text command \IJ (encoding OT1) on input li
ne 2070.
LaTeX Encoding Info:    Redeclaring text command \ij (encoding T1) on input lin
e 2072.
LaTeX Encoding Info:    Redeclaring text command \IJ (encoding T1) on input lin
e 2073.
LaTeX Encoding Info:    Ignoring declaration for text command \ij (encoding ?) 
on input line 2074.
LaTeX Encoding Info:    Ignoring declaration for text command \IJ (encoding ?) 
on input line 2076.
LaTeX Encoding Info:    Ignoring declaration for text command \SS (encoding ?) 
on input line 2101.
\U@D=\dimen148
\l@unhyphenated=\language79

(C:/Users/ricca/scoop/apps/miktex/current/texmfs/install/tex/generic/babel/luab
abel.def
\bbl@attr@locale=\attribute4
)
Package babel Info: Configuration files are deprecated, as
(babel)             they can break document portability.
(babel)             Reported on input line 4196.

*************************************
* Local config file bblopts.cfg used
*

(C:/Users/ricca/scoop/apps/miktex/current/texmfs/install/tex/latex/arabi/bblopt
s.cfg
File: bblopts.cfg 2005/09/08 v0.1 add Arabic and Farsi to "declared" options of
 babel
)
(C:/Users/ricca/scoop/apps/miktex/current/texmfs/install/tex/generic/babel/loca
le/it/babel-italian.tex)
Package babel Info: Importing font and identification data for italian
(babel)             from babel-it.ini. Reported on input line 4320.

(C:/Users/ricca/scoop/apps/miktex/current/texmfs/install/tex/latex/babel-italia
n/italian.ldf
Language: italian 2026/01/13 v.1.5.02 Italian support for the babel system
\it@lettering=\count283
\it@doublequoteactive=\count284
\it@ISOcompliance=\count285

(C:/Users/ricca/scoop/apps/miktex/current/texmfs/install/tex/generic/hyph-utf8/
loadhyph/loadhyph-it.tex UTF-8 Italian hyphenation patterns
(C:/Users/ricca/scoop/apps/miktex/current/texmfs/install/tex/generic/hyph-utf8/
patterns/tex/hyph-it.tex)
(C:/Users/ricca/scoop/apps/miktex/current/texmfs/install/tex/generic/hyph-utf8/
patterns/quote/hyph-quote-it.tex))))
(C:/Users/ricca/scoop/apps/miktex/current/texmfs/install/tex/latex/etoolbox/eto
olbox.sty
Package: etoolbox 2025/10/02 v2.5m e-TeX tools for LaTeX (JAW)
\etb@tempcnta=\count286
)
(C:/Users/ricca/scoop/apps/miktex/current/texmfs/install/tex/latex/csquotes/csq
uotes.sty
Package: csquotes 2026-05-19 v5.2p context-sensitive quotations (JAW)

(C:/Users/ricca/scoop/apps/miktex/current/texmfs/install/tex/latex/graphics/key
val.sty
Package: keyval 2022/05/29 v1.15 key=value parser (DPC)
\KV@toks@=\toks17
)
\csq@reset=\count287
\csq@gtype=\count288
\csq@glevel=\count289
\csq@qlevel=\count290
\csq@maxlvl=\count291
\csq@tshold=\count292
\csq@ltx@everypar=\toks18

(C:/Users/ricca/scoop/apps/miktex/current/texmfs/install/tex/latex/csquotes/csq
uotes.def
File: csquotes.def 2026-05-19 v5.2p csquotes generic definitions (JAW)
)
Package csquotes Info: Trying to load configuration file 'csquotes.cfg'...
Package csquotes Info: ... configuration file loaded successfully.

(C:/Users/ricca/scoop/apps/miktex/current/texmfs/install/tex/latex/csquotes/csq
uotes.cfg
File: csquotes.cfg 
)
Package csquotes Info: Enabling multilingual quotes.
)
(C:/Users/ricca/scoop/apps/miktex/current/texmfs/install/tex/latex/biblatex/bib
latex.sty
Package: biblatex 2025/07/10 v3.21 programmable bibliographies (PK/MW)

(C:/Users/ricca/scoop/apps/miktex/current/texmfs/install/tex/generic/pdftexcmds
/pdftexcmds.sty
Package: pdftexcmds 2020-06-27 v0.33 Utility functions of pdfTeX for LuaTeX (HO
)

(C:/Users/ricca/scoop/apps/miktex/current/texmfs/install/tex/generic/infwarerr/
infwarerr.sty
Package: infwarerr 2019/12/03 v1.5 Providing info/warning/error messages (HO)
)
(C:/Users/ricca/scoop/apps/miktex/current/texmfs/install/tex/generic/iftex/ifte
x.sty
Package: iftex 2024/12/12 v1.0g TeX engine tests
)
(C:/Users/ricca/scoop/apps/miktex/current/texmfs/install/tex/generic/ltxcmds/lt
xcmds.sty
Package: ltxcmds 2023-12-04 v1.26 LaTeX kernel commands for general use (HO)
)
Package pdftexcmds Info: \pdf@primitive is available.
Package pdftexcmds Info: \pdf@ifprimitive is available.
Package pdftexcmds Info: \pdfdraftmode found.
\pdftexcmds@toks=\toks19
)
(C:/Users/ricca/scoop/apps/miktex/current/texmfs/install/tex/latex/kvoptions/kv
options.sty
Package: kvoptions 2022-06-15 v3.15 Key value format for package options (HO)

(C:/Users/ricca/scoop/apps/miktex/current/texmfs/install/tex/latex/kvsetkeys/kv
setkeys.sty
Package: kvsetkeys 2022-10-05 v1.19 Key value parser (HO)
))
(C:/Users/ricca/scoop/apps/miktex/current/texmfs/install/tex/latex/logreq/logre
q.sty
Package: logreq 2010/08/04 v1.0 xml request logger
\lrq@indent=\count293

(C:/Users/ricca/scoop/apps/miktex/current/texmfs/install/tex/latex/logreq/logre
q.def
File: logreq.def 2010/08/04 v1.0 logreq spec v1.0
))
(C:/Users/ricca/scoop/apps/miktex/current/texmfs/install/tex/latex/base/ifthen.
sty
Package: ifthen 2024/03/16 v1.1e Standard LaTeX ifthen package (DPC)
)
(C:/Users/ricca/scoop/apps/miktex/current/texmfs/install/tex/latex/url/url.sty
\Urlmuskip=\muskip17
Package: url 2013/09/16  ver 3.4  Verb mode for urls, etc.
)
\c@tabx@nest=\count294
\c@listtotal=\count295
\c@listcount=\count296
\c@liststart=\count297
\c@liststop=\count298
\c@citecount=\count299
\c@citetotal=\count300
\c@multicitecount=\count301
\c@multicitetotal=\count302
\c@instcount=\count303
\c@maxnames=\count304
\c@minnames=\count305
\c@maxitems=\count306
\c@minitems=\count307
\c@citecounter=\count308
\c@maxcitecounter=\count309
\c@savedcitecounter=\count310
\c@uniquelist=\count311
\c@uniquename=\count312
\c@refsection=\count313
\c@refsegment=\count314
\c@maxextratitle=\count315
\c@maxextratitleyear=\count316
\c@maxextraname=\count317
\c@maxextradate=\count318
\c@maxextraalpha=\count319
\c@abbrvpenalty=\count320
\c@highnamepenalty=\count321
\c@lownamepenalty=\count322
\c@maxparens=\count323
\c@parenlevel=\count324
\blx@tempcnta=\count325
\blx@tempcntb=\count326
\blx@tempcntc=\count327
\c@blx@maxsection=\count328
\blx@maxsegment@0=\count329
\blx@notetype=\count330
\blx@parenlevel@text=\count331
\blx@parenlevel@foot=\count332
\blx@sectionciteorder@0=\count333
\blx@sectionciteorderinternal@0=\count334
\blx@entrysetcounter=\count335
\blx@biblioinstance=\count336
\labelnumberwidth=\skip51
\labelalphawidth=\skip52
\biblabelsep=\skip53
\bibitemsep=\skip54
\bibnamesep=\skip55
\bibinitsep=\skip56
\bibparsep=\skip57
\bibhang=\skip58
\blx@bcfin=\read3
\blx@bcfout=\write3
\blx@langwohyphens=\language80
\c@mincomprange=\count337
\c@maxcomprange=\count338
\c@mincompwidth=\count339
Package biblatex Info: Trying to load biblatex default data model...
Package biblatex Info: ... file 'blx-dm.def' found.

(C:/Users/ricca/scoop/apps/miktex/current/texmfs/install/tex/latex/biblatex/blx
-dm.def
File: blx-dm.def 2025/07/10 v3.21 biblatex datamodel (PK/MW)
)
Package biblatex Info: Trying to load biblatex style data model...
Package biblatex Info: ... file 'numeric.dbx' not found.
Package biblatex Info: Trying to load biblatex custom data model...
Package biblatex Info: ... file 'biblatex-dm.cfg' not found.
\c@afterword=\count340
\c@savedafterword=\count341
\c@annotator=\count342
\c@savedannotator=\count343
\c@author=\count344
\c@savedauthor=\count345
\c@bookauthor=\count346
\c@savedbookauthor=\count347
\c@commentator=\count348
\c@savedcommentator=\count349
\c@editor=\count350
\c@savededitor=\count351
\c@editora=\count352
\c@savededitora=\count353
\c@editorb=\count354
\c@savededitorb=\count355
\c@editorc=\count356
\c@savededitorc=\count357
\c@foreword=\count358
\c@savedforeword=\count359
\c@holder=\count360
\c@savedholder=\count361
\c@introduction=\count362
\c@savedintroduction=\count363
\c@namea=\count364
\c@savednamea=\count365
\c@nameb=\count366
\c@savednameb=\count367
\c@namec=\count368
\c@savednamec=\count369
\c@translator=\count370
\c@savedtranslator=\count371
\c@shortauthor=\count372
\c@savedshortauthor=\count373
\c@shorteditor=\count374
\c@savedshorteditor=\count375
\c@labelname=\count376
\c@savedlabelname=\count377
\c@institution=\count378
\c@savedinstitution=\count379
\c@lista=\count380
\c@savedlista=\count381
\c@listb=\count382
\c@savedlistb=\count383
\c@listc=\count384
\c@savedlistc=\count385
\c@listd=\count386
\c@savedlistd=\count387
\c@liste=\count388
\c@savedliste=\count389
\c@listf=\count390
\c@savedlistf=\count391
\c@location=\count392
\c@savedlocation=\count393
\c@organization=\count394
\c@savedorganization=\count395
\c@origlocation=\count396
\c@savedoriglocation=\count397
\c@origpublisher=\count398
\c@savedorigpublisher=\count399
\c@publisher=\count400
\c@savedpublisher=\count401
\c@language=\count402
\c@savedlanguage=\count403
\c@origlanguage=\count404
\c@savedoriglanguage=\count405
\c@pageref=\count406
\c@savedpageref=\count407
\shorthandwidth=\skip59
\shortjournalwidth=\skip60
\shortserieswidth=\skip61
\shorttitlewidth=\skip62
\shortauthorwidth=\skip63
\shorteditorwidth=\skip64
\locallabelnumberwidth=\skip65
\locallabelalphawidth=\skip66
\localshorthandwidth=\skip67
\localshortjournalwidth=\skip68
\localshortserieswidth=\skip69
\localshorttitlewidth=\skip70
\localshortauthorwidth=\skip71
\localshorteditorwidth=\skip72
Package biblatex Info: Trying to load enhanced support for Unicode engines...
Package biblatex Info: ... file 'blx-unicode.def' found.

(C:/Users/ricca/scoop/apps/miktex/current/texmfs/install/tex/latex/biblatex/blx
-unicode.def)
Package biblatex Info: Trying to load compatibility code...
Package biblatex Info: ... file 'blx-compat.def' found.

(C:/Users/ricca/scoop/apps/miktex/current/texmfs/install/tex/latex/biblatex/blx
-compat.def
File: blx-compat.def 2025/07/10 v3.21 biblatex compatibility (PK/MW)
)
Package biblatex Info: Trying to load generic definitions...
Package biblatex Info: ... file 'biblatex.def' found.

(C:/Users/ricca/scoop/apps/miktex/current/texmfs/install/tex/latex/biblatex/bib
latex.def
File: biblatex.def 2025/07/10 v3.21 biblatex compatibility (PK/MW)
\c@textcitecount=\count408
\c@textcitetotal=\count409
\c@textcitemaxnames=\count410
\c@biburlbigbreakpenalty=\count411
\c@biburlbreakpenalty=\count412
\c@biburlnumpenalty=\count413
\c@biburlucpenalty=\count414
\c@biburllcpenalty=\count415
\biburlbigskip=\muskip18
\biburlnumskip=\muskip19
\biburlucskip=\muskip20
\biburllcskip=\muskip21
\c@smartand=\count416
)
Package biblatex Info: Trying to load bibliography style 'numeric'...
Package biblatex Info: ... file 'numeric.bbx' found.

(C:/Users/ricca/scoop/apps/miktex/current/texmfs/install/tex/latex/biblatex/bbx
/numeric.bbx
File: numeric.bbx 2025/07/10 v3.21 biblatex bibliography style (PK/MW)
Package biblatex Info: Trying to load bibliography style 'standard'...
Package biblatex Info: ... file 'standard.bbx' found.

(C:/Users/ricca/scoop/apps/miktex/current/texmfs/install/tex/latex/biblatex/bbx
/standard.bbx
File: standard.bbx 2025/07/10 v3.21 biblatex bibliography style (PK/MW)
\c@bbx:relatedcount=\count417
\c@bbx:relatedtotal=\count418
))
Package biblatex Info: Trying to load citation style 'numeric'...
Package biblatex Info: ... file 'numeric.cbx' found.

(C:/Users/ricca/scoop/apps/miktex/current/texmfs/install/tex/latex/biblatex/cbx
/numeric.cbx
File: numeric.cbx 2025/07/10 v3.21 biblatex citation style (PK/MW)
Package biblatex Info: Redefining '\cite'.
Package biblatex Info: Redefining '\parencite'.
Package biblatex Info: Redefining '\footcite'.
Package biblatex Info: Redefining '\footcitetext'.
Package biblatex Info: Redefining '\smartcite'.
Package biblatex Info: Redefining '\supercite'.
Package biblatex Info: Redefining '\textcite'.
Package biblatex Info: Redefining '\textcites'.
Package biblatex Info: Redefining '\cites'.
Package biblatex Info: Redefining '\parencites'.
Package biblatex Info: Redefining '\smartcites'.
)
Package biblatex Info: Trying to load configuration file...
Package biblatex Info: ... file 'biblatex.cfg' found.

(C:/Users/ricca/scoop/apps/miktex/current/texmfs/install/tex/latex/biblatex/bib
latex.cfg
File: biblatex.cfg 
)
Package biblatex Info: LuaTeX detected.
(biblatex)             Assuming input encoding 'utf8'.
Package biblatex Info: Document encoding is UTF8 ....

(C:/Users/ricca/scoop/apps/miktex/current/texmfs/install/tex/latex/l3kernel/exp
l3.sty
Package: expl3 2025-12-24 L3 programming layer (loader) 

(C:/Users/ricca/scoop/apps/miktex/current/texmfs/install/tex/latex/l3backend/l3
backend-luatex.def
File: l3backend-luatex.def 2025-10-09 L3 backend support: PDF output (LuaTeX)
\l__color_backend_stack_int=\count419
Inserting `l3color' in `luaotfload.parse_color'.))
Package biblatex Info: ... and expl3
(biblatex)             2025-12-24 L3 programming layer (loader) 
(biblatex)             is new enough (at least 2020/04/06),
(biblatex)             setting 'casechanger=expl3'.

(C:/Users/ricca/scoop/apps/miktex/current/texmfs/install/tex/latex/biblatex/blx
-case-expl3.sty
(C:/Users/ricca/scoop/apps/miktex/current/texmfs/install/tex/latex/l3packages/x
parse/xparse.sty
Package: xparse 2025-10-09 L3 Experimental document command parser
)
Package: blx-case-expl3 2025/07/10 v3.21 expl3 case changing code for biblatex
))
(C:/Users/ricca/scoop/apps/miktex/current/texmfs/install/tex/latex/fontspec/fon
tspec.sty
Package: fontspec 2025/09/29 v2.9g Font selection for XeLaTeX and LuaLaTeX
Lua module: fontspec 2025/09/29 v2.9g Font selection for XeLaTeX and LuaLaTeX
(C:/Users/ricca/scoop/apps/miktex/current/texmfs/install/tex/latex/fontspec/fon
tspec-luatex.sty
Package: fontspec-luatex 2025/09/29 v2.9g Font selection for XeLaTeX and LuaLaT
eX
\l__fontspec_script_int=\count420
\l__fontspec_language_int=\count421
\l__fontspec_strnum_int=\count422
\l__fontspec_tmp_int=\count423
\l__fontspec_tmpa_int=\count424
\l__fontspec_tmpb_int=\count425
\l__fontspec_tmpc_int=\count426
\l__fontspec_em_int=\count427
\l__fontspec_emdef_int=\count428
\l__fontspec_strong_int=\count429
\l__fontspec_strongdef_int=\count430
\l__fontspec_tmpa_dim=\dimen149
\l__fontspec_tmpb_dim=\dimen150
\l__fontspec_tmpc_dim=\dimen151

(C:/Users/ricca/scoop/apps/miktex/current/texmfs/install/tex/latex/base/fontenc
.sty
Package: fontenc 2025/07/18 v2.1d Standard LaTeX package
)
(C:/Users/ricca/scoop/apps/miktex/current/texmfs/install/tex/latex/fontspec/fon
tspec.cfg)))
(C:/Users/ricca/scoop/apps/miktex/current/texmfs/install/tex/latex/amsmath/amsm
ath.sty
Package: amsmath 2025/07/09 v2.17z AMS math features
\@mathmargin=\skip73

For additional information on amsmath, use the `?' option.

(C:/Users/ricca/scoop/apps/miktex/current/texmfs/install/tex/latex/amsmath/amst
ext.sty
Package: amstext 2024/11/17 v2.01 AMS text

(C:/Users/ricca/scoop/apps/miktex/current/texmfs/install/tex/latex/amsmath/amsg
en.sty
File: amsgen.sty 1999/11/30 v2.0 generic functions
\@emptytoks=\toks20
\ex@=\dimen152
))
(C:/Users/ricca/scoop/apps/miktex/current/texmfs/install/tex/latex/amsmath/amsb
sy.sty
Package: amsbsy 1999/11/29 v1.2d Bold Symbols
\pmbraise@=\dimen153
)
(C:/Users/ricca/scoop/apps/miktex/current/texmfs/install/tex/latex/amsmath/amso
pn.sty
Package: amsopn 2022/04/08 v2.04 operator names
)
\inf@bad=\count431
LaTeX Info: Redefining \frac on input line 235.
\uproot@=\count432
\leftroot@=\count433
LaTeX Info: Redefining \overline on input line 398.
LaTeX Info: Redefining \colon on input line 409.
\classnum@=\count434
\DOTSCASE@=\count435
LaTeX Info: Redefining \ldots on input line 495.
LaTeX Info: Redefining \dots on input line 498.
LaTeX Info: Redefining \cdots on input line 619.
\Mathstrutbox@=\box53
\strutbox@=\box54
LaTeX Info: Redefining \big on input line 721.
LaTeX Info: Redefining \Big on input line 722.
LaTeX Info: Redefining \bigg on input line 723.
LaTeX Info: Redefining \Bigg on input line 724.
\big@size=\dimen154
LaTeX Font Info:    Redeclaring font encoding OML on input line 742.
LaTeX Font Info:    Redeclaring font encoding OMS on input line 743.
\macc@depth=\count436
LaTeX Info: Redefining \bmod on input line 904.
LaTeX Info: Redefining \pmod on input line 909.
LaTeX Info: Redefining \smash on input line 939.
LaTeX Info: Redefining \relbar on input line 969.
LaTeX Info: Redefining \Relbar on input line 970.
\c@MaxMatrixCols=\count437
\dotsspace@=\muskip22
\c@parentequation=\count438
\dspbrk@lvl=\count439
\tag@help=\toks21
\row@=\count440
\column@=\count441
\maxfields@=\count442
\andhelp@=\toks22
\eqnshift@=\dimen155
\alignsep@=\dimen156
\tagshift@=\dimen157
\tagwidth@=\dimen158
\totwidth@=\dimen159
\lineht@=\dimen160
\@envbody=\toks23
\multlinegap=\skip74
\multlinetaggap=\skip75
\mathdisplay@stack=\toks24
LaTeX Info: Redefining \[ on input line 2950.
LaTeX Info: Redefining \] on input line 2951.
)
(C:/Users/ricca/scoop/apps/miktex/current/texmfs/install/tex/latex/amsfonts/ams
symb.sty
Package: amssymb 2013/01/14 v3.01 AMS font symbols

(C:/Users/ricca/scoop/apps/miktex/current/texmfs/install/tex/latex/amsfonts/ams
fonts.sty
Package: amsfonts 2013/01/14 v3.01 Basic AMSFonts support
\symAMSa=\mathgroup4
\symAMSb=\mathgroup5
LaTeX Font Info:    Redeclaring math symbol \hbar on input line 98.
LaTeX Font Info:    Overwriting math alphabet `\mathfrak' in version `bold'
(Font)                  U/euf/m/n --> U/euf/b/n on input line 106.
))

Package fontspec Info: 
(fontspec)             Font family 'texgyretermes(0)' created for font
(fontspec)             'texgyretermes' with options
(fontspec)             [Ligatures=TeX,Extension=.otf,UprightFont=*-regular,Bold
Font=*-bold,ItalicFont=*-italic,BoldItalicFont=*-bolditalic].
(fontspec)              
(fontspec)              This font family consists of the following NFSS
(fontspec)             series/shapes:
(fontspec)              
(fontspec)             - 'normal' (m/n) with NFSS spec.:
(fontspec)             <->"[texgyretermes-regular.otf]:mode=node;script=latn;la
nguage=dflt;+tlig;"
(fontspec)             - 'small caps'  (m/sc) with NFSS spec.:
(fontspec)             <->"[texgyretermes-regular.otf]:mode=node;script=latn;la
nguage=dflt;+tlig;+smcp;"
(fontspec)             - 'bold' (b/n) with NFSS spec.:
(fontspec)             <->"[texgyretermes-bold.otf]:mode=node;script=latn;langu
age=dflt;+tlig;"
(fontspec)             - 'bold small caps'  (b/sc) with NFSS spec.:
(fontspec)             <->"[texgyretermes-bold.otf]:mode=node;script=latn;langu
age=dflt;+tlig;+smcp;"
(fontspec)             - 'italic' (m/it) with NFSS spec.:
(fontspec)             <->"[texgyretermes-italic.otf]:mode=node;script=latn;lan
guage=dflt;+tlig;"
(fontspec)             - 'italic small caps'  (m/scit) with NFSS spec.:
(fontspec)             <->"[texgyretermes-italic.otf]:mode=node;script=latn;lan
guage=dflt;+tlig;+smcp;"
(fontspec)             - 'bold italic' (b/it) with NFSS spec.:
(fontspec)             <->"[texgyretermes-bolditalic.otf]:mode=node;script=latn
;language=dflt;+tlig;"
(fontspec)             - 'bold italic small caps'  (b/scit) with NFSS spec.:
(fontspec)             <->"[texgyretermes-bolditalic.otf]:mode=node;script=latn
;language=dflt;+tlig;+smcp;"


Package fontspec Info: 
(fontspec)             texgyreheros-regular scale = 0.92.


Package fontspec Info: 
(fontspec)             texgyreheros-regular scale = 0.92.


Package fontspec Info: 
(fontspec)             texgyreheros-regular scale = 0.92.


Package fontspec Info: 
(fontspec)             texgyreheros-bold scale = 0.92.


Package fontspec Info: 
(fontspec)             texgyreheros-bold scale = 0.92.


Package fontspec Info: 
(fontspec)             texgyreheros-italic scale = 0.92.


Package fontspec Info: 
(fontspec)             texgyreheros-italic scale = 0.92.


Package fontspec Info: 
(fontspec)             texgyreheros-bolditalic scale = 0.92.


Package fontspec Info: 
(fontspec)             texgyreheros-bolditalic scale = 0.92.


Package fontspec Info: 
(fontspec)             Font family 'texgyreheros(0)' created for font
(fontspec)             'texgyreheros' with options
(fontspec)             [Ligatures=TeX,Extension=.otf,Scale=0.92,UprightFont=*-r
egular,BoldFont=*-bold,ItalicFont=*-italic,BoldItalicFont=*-bolditalic].
(fontspec)              
(fontspec)              This font family consists of the following NFSS
(fontspec)             series/shapes:
(fontspec)              
(fontspec)             - 'normal' (m/n) with NFSS spec.:
(fontspec)             <->s*[0.92]"[texgyreheros-regular.otf]:mode=node;script=
latn;language=dflt;+tlig;"
(fontspec)             - 'small caps'  (m/sc) with NFSS spec.:
(fontspec)             <->s*[0.92]"[texgyreheros-regular.otf]:mode=node;script=
latn;language=dflt;+tlig;+smcp;"
(fontspec)             - 'bold' (b/n) with NFSS spec.:
(fontspec)             <->s*[0.92]"[texgyreheros-bold.otf]:mode=node;script=lat
n;language=dflt;+tlig;"
(fontspec)             - 'bold small caps'  (b/sc) with NFSS spec.:
(fontspec)             <->s*[0.92]"[texgyreheros-bold.otf]:mode=node;script=lat
n;language=dflt;+tlig;+smcp;"
(fontspec)             - 'italic' (m/it) with NFSS spec.:
(fontspec)             <->s*[0.92]"[texgyreheros-italic.otf]:mode=node;script=l
atn;language=dflt;+tlig;"
(fontspec)             - 'italic small caps'  (m/scit) with NFSS spec.:
(fontspec)             <->s*[0.92]"[texgyreheros-italic.otf]:mode=node;script=l
atn;language=dflt;+tlig;+smcp;"
(fontspec)             - 'bold italic' (b/it) with NFSS spec.:
(fontspec)             <->s*[0.92]"[texgyreheros-bolditalic.otf]:mode=node;scri
pt=latn;language=dflt;+tlig;"
(fontspec)             - 'bold italic small caps'  (b/scit) with NFSS spec.:
(fontspec)             <->s*[0.92]"[texgyreheros-bolditalic.otf]:mode=node;scri
pt=latn;language=dflt;+tlig;+smcp;"


(C:/Users/ricca/scoop/apps/miktex/current/texmfs/install/tex/latex/inconsolata/
InconsolataN.fontspec)

Package fontspec Info: 
(fontspec)             InconsolataN-Regular scale = 0.88.


Package fontspec Info: 
(fontspec)             InconsolataN-Regular scale = 0.88.


Package fontspec Info: 
(fontspec)             InconsolataN-Bold scale = 0.88.


Package fontspec Info: 
(fontspec)             Font family 'InconsolataN(0)' created for font
(fontspec)             'InconsolataN' with options
(fontspec)             [WordSpace={1,0,0},HyphenChar=None,PunctuationSpace=Word
Space,Extension=.otf,Scale=0.88,UprightFont=*-Regular,BoldFont=*-Bold].
(fontspec)              
(fontspec)              This font family consists of the following NFSS
(fontspec)             series/shapes:
(fontspec)              
(fontspec)             - 'normal' (m/n) with NFSS spec.:
(fontspec)             <->s*[0.88]"[InconsolataN-Regular.otf]:mode=node;script=
latn;language=dflt;"
(fontspec)             - 'bold' (b/n) with NFSS spec.:
(fontspec)             <->s*[0.88]"[InconsolataN-Bold.otf]:mode=node;script=lat
n;language=dflt;"


(C:/Users/ricca/scoop/apps/miktex/current/texmfs/install/tex/latex/geometry/geo
metry.sty
Package: geometry 2026/03/07 v6.0 Page Geometry

(C:/Users/ricca/scoop/apps/miktex/current/texmfs/install/tex/generic/iftex/ifvt
ex.sty
Package: ifvtex 2019/10/25 v1.7 ifvtex legacy package. Use iftex instead.
)
\Gm@cnth=\count443
\Gm@cntv=\count444
\c@Gm@tempcnt=\count445
\Gm@bindingoffset=\dimen161
\Gm@wd@mp=\dimen162
\Gm@odd@mp=\dimen163
\Gm@even@mp=\dimen164
\Gm@layoutwidth=\dimen165
\Gm@layoutheight=\dimen166
\Gm@layouthoffset=\dimen167
\Gm@layoutvoffset=\dimen168
\Gm@dimlist=\toks25

(C:/Users/ricca/scoop/apps/miktex/current/texmfs/install/tex/latex/geometry/geo
metry.cfg))
(C:/Users/ricca/scoop/apps/miktex/current/texmfs/install/tex/latex/xcolor/xcolo
r.sty
Package: xcolor 2024/09/29 v3.02 LaTeX color extensions (UK)

(C:/Users/ricca/scoop/apps/miktex/current/texmfs/install/tex/latex/graphics-cfg
/color.cfg
File: color.cfg 2016/01/02 v1.6 sample color configuration
)
Package xcolor Info: Driver file: luatex.def on input line 274.

(C:/Users/ricca/scoop/apps/miktex/current/texmfs/install/tex/latex/graphics-def
/luatex.def
File: luatex.def 2025/09/29 v1.2f Graphics/color driver for luatex
)
(C:/Users/ricca/scoop/apps/miktex/current/texmfs/install/tex/latex/graphics/mat
hcolor.ltx)
Package xcolor Info: Model `cmy' substituted by `cmy0' on input line 1349.
Package xcolor Info: Model `hsb' substituted by `rgb' on input line 1353.
Package xcolor Info: Model `RGB' extended on input line 1365.
Package xcolor Info: Model `HTML' substituted by `rgb' on input line 1367.
Package xcolor Info: Model `Hsb' substituted by `hsb' on input line 1368.
Package xcolor Info: Model `tHsb' substituted by `hsb' on input line 1369.
Package xcolor Info: Model `HSB' substituted by `hsb' on input line 1370.
Package xcolor Info: Model `Gray' substituted by `gray' on input line 1371.
Package xcolor Info: Model `wave' substituted by `hsb' on input line 1372.
)
(C:/Users/ricca/scoop/apps/miktex/current/texmfs/install/tex/latex/graphics/dvi
psnam.def
File: dvipsnam.def 2016/06/17 v3.0m Driver-dependent file (DPC,SPQR)
)
(C:/Users/ricca/scoop/apps/miktex/current/texmfs/install/tex/latex/xcolor/svgna
m.def
File: svgnam.def 2024/09/29 v3.02 Predefined colors according to SVG 1.1 (UK)
)
(C:/Users/ricca/scoop/apps/miktex/current/texmfs/install/tex/latex/colortbl/col
ortbl.sty
Package: colortbl 2026/05/01 v1.0l Color table columns (DPC)

(C:/Users/ricca/scoop/apps/miktex/current/texmfs/install/tex/latex/tools/array.
sty
Package: array 2025/09/25 v2.6n Tabular extension package (FMi)
\col@sep=\dimen169
\ar@mcellbox=\box55
\extrarowheight=\dimen170
\NC@list=\toks26
\extratabsurround=\skip76
\backup@length=\skip77
\ar@cellbox=\box56
)
\everycr=\toks27
\minrowclearance=\skip78
\rownum=\count446
)
(C:/Users/ricca/scoop/apps/miktex/current/texmfs/install/tex/latex/graphics/gra
phicx.sty
Package: graphicx 2024/12/31 v1.2e Enhanced LaTeX Graphics (DPC,SPQR)

(C:/Users/ricca/scoop/apps/miktex/current/texmfs/install/tex/latex/graphics/gra
phics.sty
Package: graphics 2024/08/06 v1.4g Standard LaTeX Graphics (DPC,SPQR)

(C:/Users/ricca/scoop/apps/miktex/current/texmfs/install/tex/latex/graphics/tri
g.sty
Package: trig 2023/12/02 v1.11 sin cos tan (DPC)
)
(C:/Users/ricca/scoop/apps/miktex/current/texmfs/install/tex/latex/graphics-cfg
/graphics.cfg
File: graphics.cfg 2016/06/04 v1.11 sample graphics configuration
)
Package graphics Info: Driver file: luatex.def on input line 106.
)
\Gin@req@height=\dimen171
\Gin@req@width=\dimen172
)
(C:/Users/ricca/scoop/apps/miktex/current/texmfs/install/tex/latex/float/float.
sty
Package: float 2001/11/08 v1.3d Float enhancements (AL)
\c@float@type=\count447
\float@exts=\toks28
\float@box=\box57
\@float@everytoks=\toks29
\@floatcapt=\box58
)
(C:/Users/ricca/scoop/apps/miktex/current/texmfs/install/tex/latex/booktabs/boo
ktabs.sty
Package: booktabs 2020/01/12 v1.61803398 Publication quality tables
\heavyrulewidth=\dimen173
\lightrulewidth=\dimen174
\cmidrulewidth=\dimen175
\belowrulesep=\dimen176
\belowbottomsep=\dimen177
\aboverulesep=\dimen178
\abovetopsep=\dimen179
\cmidrulesep=\dimen180
\cmidrulekern=\dimen181
\defaultaddspace=\dimen182
\@cmidla=\count448
\@cmidlb=\count449
\@aboverulesep=\dimen183
\@belowrulesep=\dimen184
\@thisruleclass=\count450
\@lastruleclass=\count451
\@thisrulewidth=\dimen185
)
(C:/Users/ricca/scoop/apps/miktex/current/texmfs/install/tex/latex/tools/longta
ble.sty
Package: longtable 2025-10-13 v4.24 Multi-page Table package (DPC)
\LTleft=\skip79
\LTright=\skip80
\LTpre=\skip81
\LTpost=\skip82
\LTchunksize=\count452
\LTcapwidth=\dimen186
\LT@head=\box59
\LT@firsthead=\box60
\LT@foot=\box61
\LT@lastfoot=\box62
\LT@gbox=\box63
\LT@cols=\count453
\LT@rows=\count454
\c@LT@tables=\count455
\c@LT@chunks=\count456
\LT@p@ftn=\toks30
)
(C:/Users/ricca/scoop/apps/miktex/current/texmfs/install/tex/latex/tools/tabula
rx.sty
Package: tabularx 2023/12/11 v2.12a `tabularx' package (DPC)
\TX@col@width=\dimen187
\TX@old@table=\dimen188
\TX@old@col=\dimen189
\TX@target=\dimen190
\TX@delta=\dimen191
\TX@cols=\count457
\TX@ftn=\toks31
)
(C:/Users/ricca/scoop/apps/miktex/current/texmfs/install/tex/latex/multirow/mul
tirow.sty
Package: multirow 2024/11/12 v2.9 Span multiple rows of a table
\multirow@colwidth=\skip83
\multirow@cntb=\count458
\multirow@dima=\skip84
\bigstrutjot=\dimen192
)
(C:/Users/ricca/scoop/apps/miktex/current/texmfs/install/tex/latex/listings/lis
tings.sty
\lst@mode=\count459
\lst@gtempboxa=\box64
\lst@token=\toks32
\lst@length=\count460
\lst@currlwidth=\dimen193
\lst@column=\count461
\lst@pos=\count462
\lst@lostspace=\dimen194
\lst@width=\dimen195
\lst@newlines=\count463
\lst@lineno=\count464
\lst@maxwidth=\dimen196

(C:/Users/ricca/scoop/apps/miktex/current/texmfs/install/tex/latex/listings/lst
patch.sty
File: lstpatch.sty 2025/11/14 1.11b (Carsten Heinz)
)
(C:/Users/ricca/scoop/apps/miktex/current/texmfs/install/tex/latex/listings/lst
misc.sty
File: lstmisc.sty 2025/11/14 1.11b (Carsten Heinz)
\c@lstnumber=\count465
\lst@skipnumbers=\count466
\lst@framebox=\box65
)
(C:/Users/ricca/scoop/apps/miktex/current/texmfs/install/tex/latex/listings/lis
tings.cfg
File: listings.cfg 2025/11/14 1.11b listings configuration
))
Package: listings 2025/11/14 1.11b (Carsten Heinz)

==> First Aid for listings.sty no longer applied!
    Expected:
        2024/09/23 1.10c (Carsten Heinz)
    but found:
        2025/11/14 1.11b (Carsten Heinz)
    so I'm assuming it got fixed.

(C:/Users/ricca/scoop/apps/miktex/current/texmfs/install/tex/latex/fancyhdr/fan
cyhdr.sty
Package: fancyhdr 2025/02/07 v5.2 Extensive control of page headers and footers

\f@nch@headwidth=\skip85
\f@nch@offset@elh=\skip86
\f@nch@offset@erh=\skip87
\f@nch@offset@olh=\skip88
\f@nch@offset@orh=\skip89
\f@nch@offset@elf=\skip90
\f@nch@offset@erf=\skip91
\f@nch@offset@olf=\skip92
\f@nch@offset@orf=\skip93
\f@nch@height=\skip94
\f@nch@footalignment=\skip95
\f@nch@widthL=\skip96
\f@nch@widthC=\skip97
\f@nch@widthR=\skip98
\@temptokenb=\toks33
)
(C:/Users/ricca/scoop/apps/miktex/current/texmfs/install/tex/latex/titlesec/tit
lesec.sty
Package: titlesec 2025/01/04 v2.17 Sectioning titles
\ttl@box=\box66
\beforetitleunit=\skip99
\aftertitleunit=\skip100
\ttl@plus=\dimen197
\ttl@minus=\dimen198
\ttl@toksa=\toks34
\titlewidth=\dimen199
\titlewidthlast=\dimen256
\titlewidthfirst=\dimen257
)
(C:/Users/ricca/scoop/apps/miktex/current/texmfs/install/tex/latex/xurl/xurl.st
y
Package: xurl 2022/01/09 v 0.10 modify URL breaks

xurl: Set penalties for biblatex
)
(C:/Users/ricca/scoop/apps/miktex/current/texmfs/install/tex/latex/hyperref/hyp
erref.sty
Package: hyperref 2025-07-12 v7.01o Hypertext links for LaTeX

(C:/Users/ricca/scoop/apps/miktex/current/texmfs/install/tex/generic/kvdefineke
ys/kvdefinekeys.sty
Package: kvdefinekeys 2019-12-19 v1.6 Define keys (HO)
)
(C:/Users/ricca/scoop/apps/miktex/current/texmfs/install/tex/generic/pdfescape/
pdfescape.sty
Package: pdfescape 2019/12/09 v1.15 Implements pdfTeX's escape features (HO)
)
(C:/Users/ricca/scoop/apps/miktex/current/texmfs/install/tex/latex/hycolor/hyco
lor.sty
Package: hycolor 2020-01-27 v1.10 Color options for hyperref/bookmark (HO)
)
(C:/Users/ricca/scoop/apps/miktex/current/texmfs/install/tex/latex/hyperref/nam
eref.sty
Package: nameref 2025-06-21 v2.57 Cross-referencing by name of section

(C:/Users/ricca/scoop/apps/miktex/current/texmfs/install/tex/latex/refcount/ref
count.sty
Package: refcount 2019/12/15 v3.6 Data extraction from label references (HO)
)
(C:/Users/ricca/scoop/apps/miktex/current/texmfs/install/tex/generic/gettitlest
ring/gettitlestring.sty
Package: gettitlestring 2019/12/15 v1.6 Cleanup title references (HO)
)
\c@section@level=\count467
)
(C:/Users/ricca/scoop/apps/miktex/current/texmfs/install/tex/generic/stringenc/
stringenc.sty
Package: stringenc 2019/11/29 v1.12 Convert strings between diff. encodings (HO
)
)
\@linkdim=\dimen258
\Hy@linkcounter=\count468
\Hy@pagecounter=\count469

(C:/Users/ricca/scoop/apps/miktex/current/texmfs/install/tex/latex/hyperref/pd1
enc.def
File: pd1enc.def 2025-07-12 v7.01o Hyperref: PDFDocEncoding definition (HO)
)
(C:/Users/ricca/scoop/apps/miktex/current/texmfs/install/tex/generic/intcalc/in
tcalc.sty
Package: intcalc 2019/12/15 v1.3 Expandable calculations with integers (HO)
)
\Hy@SavedSpaceFactor=\count470

(C:/Users/ricca/scoop/apps/miktex/current/texmfs/install/tex/latex/hyperref/pue
nc.def
File: puenc.def 2025-07-12 v7.01o Hyperref: PDF Unicode definition (HO)
)
Package hyperref Info: Option `colorlinks' set `true' on input line 4066.
Package hyperref Info: Option `bookmarks' set `true' on input line 4066.
Package hyperref Info: Option `bookmarksnumbered' set `true' on input line 4066
.
Package hyperref Info: Hyper figures OFF on input line 4195.
Package hyperref Info: Link nesting OFF on input line 4200.
Package hyperref Info: Hyper index ON on input line 4203.
Package hyperref Info: Plain pages OFF on input line 4210.
Package hyperref Info: Backreferencing OFF on input line 4215.
Package hyperref Info: Implicit mode ON; LaTeX internals redefined.
Package hyperref Info: Bookmarks ON on input line 4462.
\c@Hy@tempcnt=\count471
LaTeX Info: Redefining \url on input line 4801.
\XeTeXLinkMargin=\dimen259

(C:/Users/ricca/scoop/apps/miktex/current/texmfs/install/tex/generic/bitset/bit
set.sty
Package: bitset 2019/12/09 v1.3 Handle bit-vector datatype (HO)

(C:/Users/ricca/scoop/apps/miktex/current/texmfs/install/tex/generic/bigintcalc
/bigintcalc.sty
Package: bigintcalc 2019/12/15 v1.5 Expandable calculations on big integers (HO
)
))
\Fld@menulength=\count472
\Field@Width=\dimen260
\Fld@charsize=\dimen261
Package hyperref Info: Hyper figures OFF on input line 6078.
Package hyperref Info: Link nesting OFF on input line 6083.
Package hyperref Info: Hyper index ON on input line 6086.
Package hyperref Info: backreferencing OFF on input line 6093.
Package hyperref Info: Link coloring ON on input line 6096.
Package hyperref Info: Link coloring with OCG OFF on input line 6103.
Package hyperref Info: PDF/A mode OFF on input line 6108.
\Hy@abspage=\count473
\c@Item=\count474
\c@Hfootnote=\count475
)
Package hyperref Info: Driver (autodetected): hluatex.

(C:/Users/ricca/scoop/apps/miktex/current/texmfs/install/tex/latex/hyperref/hlu
atex.def
File: hluatex.def 2025-07-12 v7.01o Hyperref driver for luaTeX
\Fld@listcount=\count476
\c@bookmark@seq@number=\count477

(C:/Users/ricca/scoop/apps/miktex/current/texmfs/install/tex/latex/rerunfileche
ck/rerunfilecheck.sty
Package: rerunfilecheck 2025-06-21 v1.11 Rerun checks for auxiliary files (HO)

(C:/Users/ricca/scoop/apps/miktex/current/texmfs/install/tex/generic/uniquecoun
ter/uniquecounter.sty
Package: uniquecounter 2019/12/15 v1.4 Provide unlimited unique counter (HO)
)
Package uniquecounter Info: New unique counter `rerunfilecheck' on input line 2
84.
)
\Hy@SectionHShift=\skip101
)
(C:/Users/ricca/scoop/apps/miktex/current/texmfs/install/tex/latex/enumitem/enu
mitem.sty
Package: enumitem 2025/02/06 v3.11 Customized lists
\labelindent=\skip102
\enit@outerparindent=\dimen262
\enit@toks=\toks35
\enit@inbox=\box67
\enit@count@id=\count478
\enitdp@description=\count479
) (./styles/manning-boxes.tex
(C:/Users/ricca/scoop/apps/miktex/current/texmfs/install/tex/latex/fontawesome5
/fontawesome5.sty
Package: fontawesome5 2022/05/02 v5.15.4 Font Awesome 5

(C:/Users/ricca/scoop/apps/miktex/current/texmfs/install/tex/latex/l3packages/l
3keys2e/l3keys2e.sty
Package: l3keys2e 2025-10-09 LaTeX2e option processing using LaTeX3 keys
)
(C:/Users/ricca/scoop/apps/miktex/current/texmfs/install/tex/latex/fontawesome5
/fontawesome5-utex-helper.sty
Package: fontawesome5-utex-helper 2022/05/02 v5.15.4 uTeX helper for fontawesom
e5

(C:/Users/ricca/scoop/apps/miktex/current/texmfs/install/tex/luatex/luatexbase/
luatexbase.sty
Package: luatexbase 2015/10/04 v1.3 luatexbase interface to LuaTeX 

(C:/Users/ricca/scoop/apps/miktex/current/texmfs/install/tex/luatex/ctablestack
/ctablestack.sty
Package: ctablestack 2015/10/01 v1.0 Catcode table stable support
\@catcodetablestackcnt=\count480
)
\CatcodeTableOther=\catcodetable16
\CatcodeTableExpl=\catcodetable17
)
LaTeX Font Info:    Trying to load font information for TU+fontawesomefree on i
nput line 69.

(C:/Users/ricca/scoop/apps/miktex/current/texmfs/install/tex/latex/fontawesome5
/tufontawesomefree.fd)
LaTeX Font Info:    Trying to load font information for TU+fontawesomebrands on
 input line 70.

(C:/Users/ricca/scoop/apps/miktex/current/texmfs/install/tex/latex/fontawesome5
/tufontawesomebrands.fd)))
(C:/Users/ricca/scoop/apps/miktex/current/texmfs/install/tex/latex/tcolorbox/tc
olorbox.sty
Package: tcolorbox 2025/11/28 version 6.9.0 text color boxes

(C:/Users/ricca/scoop/apps/miktex/current/texmfs/install/tex/latex/pgf/frontend
layer/tikz.sty
(C:/Users/ricca/scoop/apps/miktex/current/texmfs/install/tex/latex/pgf/basiclay
er/pgf.sty
(C:/Users/ricca/scoop/apps/miktex/current/texmfs/install/tex/latex/pgf/utilitie
s/pgfrcs.sty
(C:/Users/ricca/scoop/apps/miktex/current/texmfs/install/tex/generic/pgf/utilit
ies/pgfutil-common.tex
\pgfutil@everybye=\toks36
\pgfutil@tempdima=\dimen263
\pgfutil@tempdimb=\dimen264
)
(C:/Users/ricca/scoop/apps/miktex/current/texmfs/install/tex/generic/pgf/utilit
ies/pgfutil-latex.def
\pgfutil@abb=\box68
)
(C:/Users/ricca/scoop/apps/miktex/current/texmfs/install/tex/generic/pgf/utilit
ies/pgfrcs.code.tex
(C:/Users/ricca/scoop/apps/miktex/current/texmfs/install/tex/generic/pgf/pgf.re
vision.tex)
Package: pgfrcs 2025-08-29 v3.1.11a (3.1.11a)
))
Package: pgf 2025-08-29 v3.1.11a (3.1.11a)

(C:/Users/ricca/scoop/apps/miktex/current/texmfs/install/tex/latex/pgf/basiclay
er/pgfcore.sty
(C:/Users/ricca/scoop/apps/miktex/current/texmfs/install/tex/latex/pgf/systemla
yer/pgfsys.sty
(C:/Users/ricca/scoop/apps/miktex/current/texmfs/install/tex/generic/pgf/system
layer/pgfsys.code.tex
Package: pgfsys 2025-08-29 v3.1.11a (3.1.11a)

(C:/Users/ricca/scoop/apps/miktex/current/texmfs/install/tex/generic/pgf/utilit
ies/pgfkeys.code.tex
\pgfkeys@pathtoks=\toks37
\pgfkeys@temptoks=\toks38

(C:/Users/ricca/scoop/apps/miktex/current/texmfs/install/tex/generic/pgf/utilit
ies/pgfkeyslibraryfiltered.code.tex
\pgfkeys@tmptoks=\toks39
))
\pgf@x=\dimen265
\pgf@y=\dimen266
\pgf@xa=\dimen267
\pgf@ya=\dimen268
\pgf@xb=\dimen269
\pgf@yb=\dimen270
\pgf@xc=\dimen271
\pgf@yc=\dimen272
\pgf@xd=\dimen273
\pgf@yd=\dimen274
\w@pgf@writea=\write4
\r@pgf@reada=\read4
\c@pgf@counta=\count481
\c@pgf@countb=\count482
\c@pgf@countc=\count483
\c@pgf@countd=\count484
\t@pgf@toka=\toks40
\t@pgf@tokb=\toks41
\t@pgf@tokc=\toks42
\pgf@sys@id@count=\count485

(C:/Users/ricca/scoop/apps/miktex/current/texmfs/install/tex/generic/pgf/system
layer/pgf.cfg
File: pgf.cfg 2025-08-29 v3.1.11a (3.1.11a)
)
Driver file for pgf: pgfsys-luatex.def

(C:/Users/ricca/scoop/apps/miktex/current/texmfs/install/tex/generic/pgf/system
layer/pgfsys-luatex.def
File: pgfsys-luatex.def 2025-08-29 v3.1.11a (3.1.11a)

(C:/Users/ricca/scoop/apps/miktex/current/texmfs/install/tex/generic/pgf/system
layer/pgfsys-common-pdf.def
File: pgfsys-common-pdf.def 2025-08-29 v3.1.11a (3.1.11a)
)))
(C:/Users/ricca/scoop/apps/miktex/current/texmfs/install/tex/generic/pgf/system
layer/pgfsyssoftpath.code.tex
File: pgfsyssoftpath.code.tex 2025-08-29 v3.1.11a (3.1.11a)
\pgfsyssoftpath@smallbuffer@items=\count486
\pgfsyssoftpath@bigbuffer@items=\count487
)
(C:/Users/ricca/scoop/apps/miktex/current/texmfs/install/tex/generic/pgf/system
layer/pgfsysprotocol.code.tex
File: pgfsysprotocol.code.tex 2025-08-29 v3.1.11a (3.1.11a)
))
(C:/Users/ricca/scoop/apps/miktex/current/texmfs/install/tex/generic/pgf/basicl
ayer/pgfcore.code.tex
Package: pgfcore 2025-08-29 v3.1.11a (3.1.11a)

(C:/Users/ricca/scoop/apps/miktex/current/texmfs/install/tex/generic/pgf/math/p
gfmath.code.tex
(C:/Users/ricca/scoop/apps/miktex/current/texmfs/install/tex/generic/pgf/math/p
gfmathutil.code.tex)
(C:/Users/ricca/scoop/apps/miktex/current/texmfs/install/tex/generic/pgf/math/p
gfmathparser.code.tex
\pgfmath@dimen=\dimen275
\pgfmath@count=\count488
\pgfmath@box=\box69
\pgfmath@toks=\toks43
\pgfmath@stack@operand=\toks44
\pgfmath@stack@operation=\toks45
)
(C:/Users/ricca/scoop/apps/miktex/current/texmfs/install/tex/generic/pgf/math/p
gfmathfunctions.code.tex)
(C:/Users/ricca/scoop/apps/miktex/current/texmfs/install/tex/generic/pgf/math/p
gfmathfunctions.basic.code.tex)
(C:/Users/ricca/scoop/apps/miktex/current/texmfs/install/tex/generic/pgf/math/p
gfmathfunctions.trigonometric.code.tex)
(C:/Users/ricca/scoop/apps/miktex/current/texmfs/install/tex/generic/pgf/math/p
gfmathfunctions.random.code.tex)
(C:/Users/ricca/scoop/apps/miktex/current/texmfs/install/tex/generic/pgf/math/p
gfmathfunctions.comparison.code.tex)
(C:/Users/ricca/scoop/apps/miktex/current/texmfs/install/tex/generic/pgf/math/p
gfmathfunctions.base.code.tex)
(C:/Users/ricca/scoop/apps/miktex/current/texmfs/install/tex/generic/pgf/math/p
gfmathfunctions.round.code.tex)
(C:/Users/ricca/scoop/apps/miktex/current/texmfs/install/tex/generic/pgf/math/p
gfmathfunctions.misc.code.tex)
(C:/Users/ricca/scoop/apps/miktex/current/texmfs/install/tex/generic/pgf/math/p
gfmathfunctions.integerarithmetics.code.tex)
(C:/Users/ricca/scoop/apps/miktex/current/texmfs/install/tex/generic/pgf/math/p
gfmathcalc.code.tex)
(C:/Users/ricca/scoop/apps/miktex/current/texmfs/install/tex/generic/pgf/math/p
gfmathfloat.code.tex
\c@pgfmathroundto@lastzeros=\count489
))
(C:/Users/ricca/scoop/apps/miktex/current/texmfs/install/tex/generic/pgf/math/p
gfint.code.tex)
(C:/Users/ricca/scoop/apps/miktex/current/texmfs/install/tex/generic/pgf/basicl
ayer/pgfcorepoints.code.tex
File: pgfcorepoints.code.tex 2025-08-29 v3.1.11a (3.1.11a)
\pgf@picminx=\dimen276
\pgf@picmaxx=\dimen277
\pgf@picminy=\dimen278
\pgf@picmaxy=\dimen279
\pgf@pathminx=\dimen280
\pgf@pathmaxx=\dimen281
\pgf@pathminy=\dimen282
\pgf@pathmaxy=\dimen283
\pgf@xx=\dimen284
\pgf@xy=\dimen285
\pgf@yx=\dimen286
\pgf@yy=\dimen287
\pgf@zx=\dimen288
\pgf@zy=\dimen289
)
(C:/Users/ricca/scoop/apps/miktex/current/texmfs/install/tex/generic/pgf/basicl
ayer/pgfcorepathconstruct.code.tex
File: pgfcorepathconstruct.code.tex 2025-08-29 v3.1.11a (3.1.11a)
\pgf@path@lastx=\dimen290
\pgf@path@lasty=\dimen291
)
(C:/Users/ricca/scoop/apps/miktex/current/texmfs/install/tex/generic/pgf/basicl
ayer/pgfcorepathusage.code.tex
File: pgfcorepathusage.code.tex 2025-08-29 v3.1.11a (3.1.11a)
\pgf@shorten@end@additional=\dimen292
\pgf@shorten@start@additional=\dimen293
)
(C:/Users/ricca/scoop/apps/miktex/current/texmfs/install/tex/generic/pgf/basicl
ayer/pgfcorescopes.code.tex
File: pgfcorescopes.code.tex 2025-08-29 v3.1.11a (3.1.11a)
\pgfpic=\box70
\pgf@hbox=\box71
\pgf@layerbox@main=\box72
\pgf@picture@serial@count=\count490
)
(C:/Users/ricca/scoop/apps/miktex/current/texmfs/install/tex/generic/pgf/basicl
ayer/pgfcoregraphicstate.code.tex
File: pgfcoregraphicstate.code.tex 2025-08-29 v3.1.11a (3.1.11a)
\pgflinewidth=\dimen294
)
(C:/Users/ricca/scoop/apps/miktex/current/texmfs/install/tex/generic/pgf/basicl
ayer/pgfcoretransformations.code.tex
File: pgfcoretransformations.code.tex 2025-08-29 v3.1.11a (3.1.11a)
\pgf@pt@x=\dimen295
\pgf@pt@y=\dimen296
\pgf@pt@temp=\dimen297
)
(C:/Users/ricca/scoop/apps/miktex/current/texmfs/install/tex/generic/pgf/basicl
ayer/pgfcorequick.code.tex
File: pgfcorequick.code.tex 2025-08-29 v3.1.11a (3.1.11a)
)
(C:/Users/ricca/scoop/apps/miktex/current/texmfs/install/tex/generic/pgf/basicl
ayer/pgfcoreobjects.code.tex
File: pgfcoreobjects.code.tex 2025-08-29 v3.1.11a (3.1.11a)
)
(C:/Users/ricca/scoop/apps/miktex/current/texmfs/install/tex/generic/pgf/basicl
ayer/pgfcorepathprocessing.code.tex
File: pgfcorepathprocessing.code.tex 2025-08-29 v3.1.11a (3.1.11a)
)
(C:/Users/ricca/scoop/apps/miktex/current/texmfs/install/tex/generic/pgf/basicl
ayer/pgfcorearrows.code.tex
File: pgfcorearrows.code.tex 2025-08-29 v3.1.11a (3.1.11a)
\pgfarrowsep=\dimen298
)
(C:/Users/ricca/scoop/apps/miktex/current/texmfs/install/tex/generic/pgf/basicl
ayer/pgfcoreshade.code.tex
File: pgfcoreshade.code.tex 2025-08-29 v3.1.11a (3.1.11a)
\pgf@max=\dimen299
\pgf@sys@shading@range@num=\count491
\pgf@shadingcount=\count492
)
(C:/Users/ricca/scoop/apps/miktex/current/texmfs/install/tex/generic/pgf/basicl
ayer/pgfcoreimage.code.tex
File: pgfcoreimage.code.tex 2025-08-29 v3.1.11a (3.1.11a)
)
(C:/Users/ricca/scoop/apps/miktex/current/texmfs/install/tex/generic/pgf/basicl
ayer/pgfcoreexternal.code.tex
File: pgfcoreexternal.code.tex 2025-08-29 v3.1.11a (3.1.11a)
\pgfexternal@startupbox=\box73
)
(C:/Users/ricca/scoop/apps/miktex/current/texmfs/install/tex/generic/pgf/basicl
ayer/pgfcorelayers.code.tex
File: pgfcorelayers.code.tex 2025-08-29 v3.1.11a (3.1.11a)
)
(C:/Users/ricca/scoop/apps/miktex/current/texmfs/install/tex/generic/pgf/basicl
ayer/pgfcoretransparency.code.tex
File: pgfcoretransparency.code.tex 2025-08-29 v3.1.11a (3.1.11a)
)
(C:/Users/ricca/scoop/apps/miktex/current/texmfs/install/tex/generic/pgf/basicl
ayer/pgfcorepatterns.code.tex
File: pgfcorepatterns.code.tex 2025-08-29 v3.1.11a (3.1.11a)
)
(C:/Users/ricca/scoop/apps/miktex/current/texmfs/install/tex/generic/pgf/basicl
ayer/pgfcorerdf.code.tex
File: pgfcorerdf.code.tex 2025-08-29 v3.1.11a (3.1.11a)
)))
(C:/Users/ricca/scoop/apps/miktex/current/texmfs/install/tex/generic/pgf/module
s/pgfmoduleshapes.code.tex
File: pgfmoduleshapes.code.tex 2025-08-29 v3.1.11a (3.1.11a)
\pgfnodeparttextbox=\box74
)
(C:/Users/ricca/scoop/apps/miktex/current/texmfs/install/tex/generic/pgf/module
s/pgfmoduleplot.code.tex
File: pgfmoduleplot.code.tex 2025-08-29 v3.1.11a (3.1.11a)
)
(C:/Users/ricca/scoop/apps/miktex/current/texmfs/install/tex/latex/pgf/compatib
ility/pgfcomp-version-0-65.sty
Package: pgfcomp-version-0-65 2025-08-29 v3.1.11a (3.1.11a)
\pgf@nodesepstart=\dimen300
\pgf@nodesepend=\dimen301
)
(C:/Users/ricca/scoop/apps/miktex/current/texmfs/install/tex/latex/pgf/compatib
ility/pgfcomp-version-1-18.sty
Package: pgfcomp-version-1-18 2025-08-29 v3.1.11a (3.1.11a)
))
(C:/Users/ricca/scoop/apps/miktex/current/texmfs/install/tex/latex/pgf/utilitie
s/pgffor.sty
(C:/Users/ricca/scoop/apps/miktex/current/texmfs/install/tex/latex/pgf/utilitie
s/pgfkeys.sty
(C:/Users/ricca/scoop/apps/miktex/current/texmfs/install/tex/generic/pgf/utilit
ies/pgfkeys.code.tex))
(C:/Users/ricca/scoop/apps/miktex/current/texmfs/install/tex/latex/pgf/math/pgf
math.sty
(C:/Users/ricca/scoop/apps/miktex/current/texmfs/install/tex/generic/pgf/math/p
gfmath.code.tex))
(C:/Users/ricca/scoop/apps/miktex/current/texmfs/install/tex/generic/pgf/utilit
ies/pgffor.code.tex
Package: pgffor 2025-08-29 v3.1.11a (3.1.11a)
\pgffor@iter=\dimen302
\pgffor@skip=\dimen303
\pgffor@stack=\toks46
\pgffor@toks=\toks47
))
(C:/Users/ricca/scoop/apps/miktex/current/texmfs/install/tex/generic/pgf/fronte
ndlayer/tikz/tikz.code.tex
Package: tikz 2025-08-29 v3.1.11a (3.1.11a)

(C:/Users/ricca/scoop/apps/miktex/current/texmfs/install/tex/generic/pgf/librar
ies/pgflibraryplothandlers.code.tex
File: pgflibraryplothandlers.code.tex 2025-08-29 v3.1.11a (3.1.11a)
\pgf@plot@mark@count=\count493
\pgfplotmarksize=\dimen304
)
\tikz@lastx=\dimen305
\tikz@lasty=\dimen306
\tikz@lastxsaved=\dimen307
\tikz@lastysaved=\dimen308
\tikz@lastmovetox=\dimen309
\tikz@lastmovetoy=\dimen310
\tikzleveldistance=\dimen311
\tikzsiblingdistance=\dimen312
\tikz@figbox=\box75
\tikz@figbox@bg=\box76
\tikz@tempbox=\box77
\tikz@tempbox@bg=\box78
\tikztreelevel=\count494
\tikznumberofchildren=\count495
\tikznumberofcurrentchild=\count496
\tikz@fig@count=\count497

(C:/Users/ricca/scoop/apps/miktex/current/texmfs/install/tex/generic/pgf/module
s/pgfmodulematrix.code.tex
File: pgfmodulematrix.code.tex 2025-08-29 v3.1.11a (3.1.11a)
\pgfmatrixcurrentrow=\count498
\pgfmatrixcurrentcolumn=\count499
\pgf@matrix@numberofcolumns=\count500
)
\tikz@expandcount=\count501

(C:/Users/ricca/scoop/apps/miktex/current/texmfs/install/tex/generic/pgf/fronte
ndlayer/tikz/libraries/tikzlibrarytopaths.code.tex
File: tikzlibrarytopaths.code.tex 2025-08-29 v3.1.11a (3.1.11a)
)))
(C:/Users/ricca/scoop/apps/miktex/current/texmfs/install/tex/latex/tools/verbat
im.sty
Package: verbatim 2024-01-22 v1.5x LaTeX2e package for verbatim enhancements
\every@verbatim=\toks48
\verbatim@line=\toks49
\verbatim@in@stream=\read5
)
(C:/Users/ricca/scoop/apps/miktex/current/texmfs/install/tex/latex/environ/envi
ron.sty
Package: environ 2014/05/04 v0.3 A new way to define environments

(C:/Users/ricca/scoop/apps/miktex/current/texmfs/install/tex/latex/trimspaces/t
rimspaces.sty
Package: trimspaces 2009/09/17 v1.1 Trim spaces around a token list
))
\tcb@titlebox=\box79
\tcb@upperbox=\box80
\tcb@lowerbox=\box81
\tcb@phantombox=\box82
\c@tcbbreakpart=\count502
\c@tcblayer=\count503
\c@tcolorbox@number=\count504
\l__tcobox_tmpa_box=\box83
\l__tcobox_tmpa_dim=\dimen313
\tcb@temp=\box84
\tcb@temp=\box85
\tcb@temp=\box86
\tcb@temp=\box87
)
(C:/Users/ricca/scoop/apps/miktex/current/texmfs/install/tex/latex/tcolorbox/tc
bskins.code.tex
Library (tcolorbox): 'tcbskins.code.tex' version '6.9.0'

(C:/Users/ricca/scoop/apps/miktex/current/texmfs/install/tex/latex/tikzfill/tik
zfill.image.sty
Package: tikzfill.image 2026/04/23 v1.2.0 Image filling library for TikZ

(C:/Users/ricca/scoop/apps/miktex/current/texmfs/install/tex/latex/tikzfill/tik
zlibraryfill.image.code.tex
File: tikzlibraryfill.image.code.tex 2026/04/23 v1.2.0 Image filling library
\l__tikzfill_tmpa_dim=\dimen314
\l__tikzfill_tmpb_dim=\dimen315
\l__tikzfill_img_box=\box88
))
(C:/Users/ricca/scoop/apps/miktex/current/texmfs/install/tex/latex/tcolorbox/tc
bskinsjigsaw.code.tex
Library (tcolorbox): 'tcbskinsjigsaw.code.tex' version '6.9.0'
))
(C:/Users/ricca/scoop/apps/miktex/current/texmfs/install/tex/latex/tcolorbox/tc
bbreakable.code.tex
Library (tcolorbox): 'tcbbreakable.code.tex' version '6.9.0'

(C:/Users/ricca/scoop/apps/miktex/current/texmfs/install/tex/latex/pdfcol/pdfco
l.sty
Package: pdfcol 2022-09-21 v1.7 Handle new color stacks for pdfTeX (HO)
)
Package pdfcol Info: New color stack `tcb@breakable' = 1 on input line 23.
\tcb@testbox=\box89
\tcb@totalupperbox=\box90
\tcb@totallowerbox=\box91

(C:/Users/ricca/scoop/apps/miktex/current/texmfs/install/tex/generic/iftex/iflu
atex.sty
Package: ifluatex 2019/10/25 v1.5 ifluatex legacy package. Use iftex instead.
)))
(C:/Users/ricca/scoop/apps/miktex/current/texmfs/install/tex/latex/base/makeidx
.sty
Package: makeidx 2021/10/04 v1.0m Standard LaTeX package
)
\@indexfile=\write5

\openout5 = book-it.idx

Writing index file book-it.idx
)
Package csquotes Info: Checking for multilingual support...
Package csquotes Info: ... found 'babel' package.
 (./book-it.aux)
\openout1 = book-it.aux

LaTeX Font Info:    Checking defaults for OML/cmm/m/it on input line 20.
LaTeX Font Info:    ... okay on input line 20.
LaTeX Font Info:    Checking defaults for OMS/cmsy/m/n on input line 20.
LaTeX Font Info:    ... okay on input line 20.
LaTeX Font Info:    Checking defaults for OT1/cmr/m/n on input line 20.
LaTeX Font Info:    ... okay on input line 20.
LaTeX Font Info:    Checking defaults for T1/cmr/m/n on input line 20.
LaTeX Font Info:    ... okay on input line 20.
LaTeX Font Info:    Checking defaults for TS1/cmr/m/n on input line 20.
LaTeX Font Info:    ... okay on input line 20.
LaTeX Font Info:    Checking defaults for TU/lmr/m/n on input line 20.
LaTeX Font Info:    ... okay on input line 20.
LaTeX Font Info:    Checking defaults for OMX/cmex/m/n on input line 20.
LaTeX Font Info:    ... okay on input line 20.
LaTeX Font Info:    Checking defaults for U/cmr/m/n on input line 20.
LaTeX Font Info:    ... okay on input line 20.
LaTeX Font Info:    Checking defaults for PD1/pdf/m/n on input line 20.
LaTeX Font Info:    ... okay on input line 20.
LaTeX Font Info:    Checking defaults for PU/pdf/m/n on input line 20.
LaTeX Font Info:    ... okay on input line 20.
Package biblatex Info: Trying to load language 'italian'...
Package biblatex Info: ... file 'italian.lbx' found.

(C:/Users/ricca/scoop/apps/miktex/current/texmfs/install/tex/latex/biblatex/lbx
/italian.lbx
File: italian.lbx 2025/07/10 v3.21 biblatex localization (PK/MW)
)
Package biblatex Info: LuaTeX detected.
(biblatex)             Assuming input encoding 'utf8'.
Package biblatex Info: Automatic encoding selection.
(biblatex)             Assuming data encoding 'utf8'.

\openout3 = book-it.bcf
Package biblatex Info: Trying to load bibliographic data...
Package biblatex Info: ... file 'book-it.bbl' found.
 (./book-it.bbl)
Package biblatex Info: Reference section=0 on input line 20.
Package biblatex Info: Reference segment=0 on input line 20.

Package fontspec Info: 
(fontspec)             Adjusting the maths setup (use [no-math] to avoid
(fontspec)             this).

\symlegacymaths=\mathgroup6
LaTeX Font Info:    Overwriting symbol font `legacymaths' in version `bold'
(Font)                  OT1/cmr/m/n --> OT1/cmr/bx/n on input line 20.
LaTeX Font Info:    Redeclaring math accent \acute on input line 20.
LaTeX Font Info:    Redeclaring math accent \grave on input line 20.
LaTeX Font Info:    Redeclaring math accent \ddot on input line 20.
LaTeX Font Info:    Redeclaring math accent \tilde on input line 20.
LaTeX Font Info:    Redeclaring math accent \bar on input line 20.
LaTeX Font Info:    Redeclaring math accent \breve on input line 20.
LaTeX Font Info:    Redeclaring math accent \check on input line 20.
LaTeX Font Info:    Redeclaring math accent \hat on input line 20.
LaTeX Font Info:    Redeclaring math accent \dot on input line 20.
LaTeX Font Info:    Redeclaring math accent \mathring on input line 20.
LaTeX Font Info:    Redeclaring math symbol \Gamma on input line 20.
LaTeX Font Info:    Redeclaring math symbol \Delta on input line 20.
LaTeX Font Info:    Redeclaring math symbol \Theta on input line 20.
LaTeX Font Info:    Redeclaring math symbol \Lambda on input line 20.
LaTeX Font Info:    Redeclaring math symbol \Xi on input line 20.
LaTeX Font Info:    Redeclaring math symbol \Pi on input line 20.
LaTeX Font Info:    Redeclaring math symbol \Sigma on input line 20.
LaTeX Font Info:    Redeclaring math symbol \Upsilon on input line 20.
LaTeX Font Info:    Redeclaring math symbol \Phi on input line 20.
LaTeX Font Info:    Redeclaring math symbol \Psi on input line 20.
LaTeX Font Info:    Redeclaring math symbol \Omega on input line 20.
LaTeX Font Info:    Redeclaring math symbol \mathdollar on input line 20.
LaTeX Font Info:    Redeclaring symbol font `operators' on input line 20.
LaTeX Font Info:    Encoding `OT1' has changed to `TU' for symbol font
(Font)              `operators' in the math version `normal' on input line 20.
LaTeX Font Info:    Overwriting symbol font `operators' in version `normal'
(Font)                  OT1/cmr/m/n --> TU/texgyretermes(0)/m/n on input line 2
0.
LaTeX Font Info:    Encoding `OT1' has changed to `TU' for symbol font
(Font)              `operators' in the math version `bold' on input line 20.
LaTeX Font Info:    Overwriting symbol font `operators' in version `bold'
(Font)                  OT1/cmr/bx/n --> TU/texgyretermes(0)/m/n on input line 
20.
LaTeX Font Info:    Overwriting symbol font `operators' in version `normal'
(Font)                  TU/texgyretermes(0)/m/n --> TU/texgyretermes(0)/m/n on 
input line 20.
LaTeX Font Info:    Overwriting math alphabet `\mathit' in version `normal'
(Font)                  OT1/cmr/m/it --> TU/texgyretermes(0)/m/it on input line
 20.
LaTeX Font Info:    Overwriting math alphabet `\mathbf' in version `normal'
(Font)                  OT1/cmr/bx/n --> TU/texgyretermes(0)/b/n on input line 
20.
LaTeX Font Info:    Overwriting math alphabet `\mathsf' in version `normal'
(Font)                  OT1/cmss/m/n --> TU/texgyreheros(0)/m/n on input line 2
0.
LaTeX Font Info:    Overwriting math alphabet `\mathtt' in version `normal'
(Font)                  OT1/cmtt/m/n --> TU/InconsolataN(0)/m/n on input line 2
0.
LaTeX Font Info:    Overwriting symbol font `operators' in version `bold'
(Font)                  TU/texgyretermes(0)/m/n --> TU/texgyretermes(0)/b/n on 
input line 20.
LaTeX Font Info:    Overwriting math alphabet `\mathit' in version `bold'
(Font)                  OT1/cmr/bx/it --> TU/texgyretermes(0)/b/it on input lin
e 20.
LaTeX Font Info:    Overwriting math alphabet `\mathsf' in version `bold'
(Font)                  OT1/cmss/bx/n --> TU/texgyreheros(0)/b/n on input line 
20.
LaTeX Font Info:    Overwriting math alphabet `\mathtt' in version `bold'
(Font)                  OT1/cmtt/m/n --> TU/InconsolataN(0)/b/n on input line 2
0.

*geometry* driver: auto-detecting
*geometry* detected driver: luatex
*geometry* verbose mode - [ preamble ] result:
* driver: luatex
* paper: custom
* layout: <same size as paper>
* layoutoffset:(h,v)=(0.0pt,0.0pt)
* modes: twoside 
* h-part:(L,W,R)=(79.49744pt, 392.06387pt, 61.42993pt)
* v-part:(T,H,B)=(72.26999pt, 523.95752pt, 72.26999pt)
* \paperwidth=532.99124pt
* \paperheight=668.4975pt
* \textwidth=392.06387pt
* \textheight=523.95752pt
* \oddsidemargin=7.22745pt
* \evensidemargin=-10.84006pt
* \topmargin=-32.06749pt
* \headheight=14.0pt
* \headsep=18.06749pt
* \topskip=10.0pt
* \footskip=36.135pt
* \marginparwidth=125.0pt
* \marginparsep=7.0pt
* \columnsep=10.0pt
* \skip\footins=9.0pt plus 4.0pt minus 2.0pt
* \hoffset=0.0pt
* \voffset=0.0pt
* \mag=1000
* \@twocolumnfalse
* \@twosidetrue
* \@mparswitchtrue
* \@reversemarginfalse
* (1in=72.27pt=25.4mm, 1cm=28.453pt)


(C:/Users/ricca/scoop/apps/miktex/current/texmfs/install/tex/context/base/mkii/
supp-pdf.mkii
[Loading MPS to PDF converter (version 2006.09.02).]
\scratchcounter=\count505
\scratchdimen=\dimen316
\scratchbox=\box92
\nofMPsegments=\count506
\nofMParguments=\count507
\everyMPshowfont=\toks50
\MPscratchCnt=\count508
\MPscratchDim=\dimen317
\MPnumerator=\count509
\makeMPintoPDFobject=\count510
\everyMPtoPDFconversion=\toks51
)
(C:/Users/ricca/scoop/apps/miktex/current/texmfs/install/tex/latex/epstopdf-pkg
/epstopdf-base.sty
Package: epstopdf-base 2020-01-24 v2.11 Base part for package epstopdf
Package epstopdf-base Info: Redefining graphics rule for `.eps' on input line 4
85.

(C:/Users/ricca/scoop/apps/miktex/current/texmfs/install/tex/latex/00miktex/eps
topdf-sys.cfg
File: epstopdf-sys.cfg 2021/03/18 v2.0 Configuration of epstopdf for MiKTeX
))
\c@lstlisting=\count511
Package hyperref Info: Link coloring ON on input line 20.
 (./book-it.out) (./book-it.out)
\@outlinefile=\write6

\openout6 = book-it.out
 (../chapters/it/frontmatter.tex
LaTeX Font Info:    Font shape `TU/texgyreheros(0)/m/n' will be
(Font)              scaled to size 29.43994pt on input line 9.
LaTeX Font Info:    Font shape `TU/texgyreheros(0)/b/n' will be
(Font)              scaled to size 29.43994pt on input line 9.
LaTeX Font Info:    Font shape `TU/texgyreheros(0)/m/n' will be
(Font)              scaled to size 18.39996pt on input line 12.
LaTeX Font Info:    Font shape `TU/texgyreheros(0)/m/n' will be
(Font)              scaled to size 11.03998pt on input line 15.
LaTeX Font Info:    Font shape `TU/texgyreheros(0)/b/n' will be
(Font)              scaled to size 11.03998pt on input line 17.
LaTeX Font Info:    Font shape `TU/texgyreheros(0)/m/n' will be
(Font)              scaled to size 9.19998pt on input line 19.
[1



{C:/Users/ricca/scoop/apps/miktex/current/texmfs/data/fonts/map/pdftex/pdftex.ma
p}]
LaTeX Font Info:    Font shape `TU/InconsolataN(0)/m/n' will be
(Font)              scaled to size 7.92004pt on input line 32.
 [2])
LaTeX Font Info:    Font shape `TU/texgyreheros(0)/b/n' will be
(Font)              scaled to size 9.19998pt on input line 27.
LaTeX Font Info:    Font shape `TU/texgyreheros(0)/b/n' will be
(Font)              scaled to size 19.08076pt on input line 27.
 (./book-it.toc
LaTeX Font Info:    Trying to load font information for U+msa on input line 6.

(C:/Users/ricca/scoop/apps/miktex/current/texmfs/install/tex/latex/amsfonts/ums
a.fd
File: umsa.fd 2013/01/14 v3.01 AMS symbols A
)
LaTeX Font Info:    Trying to load font information for U+msb on input line 6.

(C:/Users/ricca/scoop/apps/miktex/current/texmfs/install/tex/latex/amsfonts/ums
b.fd
File: umsb.fd 2013/01/14 v3.01 AMS symbols B
)
LaTeX Font Info:    Font shape `TU/InconsolataN(0)/m/n' will be
(Font)              scaled to size 8.80005pt on input line 15.
 [3


]
LaTeX Font Info:    Font shape `TU/InconsolataN(0)/b/n' will be
(Font)              scaled to size 8.80005pt on input line 28.
LaTeX Font Info:    Font shape `TU/texgyreheros(0)/m/n' will be
(Font)              scaled to size 8.27998pt on input line 51.


Package fancyhdr Warning: \headheight is too small (14.0pt): 
(fancyhdr)                Make it at least 19.69997pt, for example:
(fancyhdr)                \setlength{\headheight}{19.69997pt}.
(fancyhdr)                You might also make \topmargin smaller:
(fancyhdr)                \addtolength{\topmargin}{-5.69997pt}.

[4]

Package fancyhdr Warning: \headheight is too small (14.0pt): 
(fancyhdr)                Make it at least 19.69997pt, for example:
(fancyhdr)                \setlength{\headheight}{19.69997pt}.
(fancyhdr)                You might also make \topmargin smaller:
(fancyhdr)                \addtolength{\topmargin}{-5.69997pt}.

[5]

Package fancyhdr Warning: \headheight is too small (14.0pt): 
(fancyhdr)                Make it at least 19.69997pt, for example:
(fancyhdr)                \setlength{\headheight}{19.69997pt}.
(fancyhdr)                You might also make \topmargin smaller:
(fancyhdr)                \addtolength{\topmargin}{-5.69997pt}.

[6])
\tf@toc=\write7

\openout7 = book-it.toc
 (../chapters/it/ch00-introduzione.tex

Package fancyhdr Warning: \headheight is too small (14.0pt): 
(fancyhdr)                Make it at least 19.69997pt, for example:
(fancyhdr)                \setlength{\headheight}{19.69997pt}.
(fancyhdr)                You might also make \topmargin smaller:
(fancyhdr)                \addtolength{\topmargin}{-5.69997pt}.

[7]

Package fancyhdr Warning: \headheight is too small (14.0pt): 
(fancyhdr)                Make it at least 19.69997pt, for example:
(fancyhdr)                \setlength{\headheight}{19.69997pt}.
(fancyhdr)                You might also make \topmargin smaller:
(fancyhdr)                \addtolength{\topmargin}{-5.69997pt}.

[8

]
LaTeX Font Info:    Font shape `TU/texgyreheros(0)/m/n' will be
(Font)              scaled to size 13.24796pt on input line 17.
LaTeX Font Info:    Font shape `TU/texgyreheros(0)/b/n' will be
(Font)              scaled to size 13.24796pt on input line 17.
 [9]

Package fancyhdr Warning: \headheight is too small (14.0pt): 
(fancyhdr)                Make it at least 19.69997pt, for example:
(fancyhdr)                \setlength{\headheight}{19.69997pt}.
(fancyhdr)                You might also make \topmargin smaller:
(fancyhdr)                \addtolength{\topmargin}{-5.69997pt}.

[10])

Package fancyhdr Warning: \headheight is too small (14.0pt): 
(fancyhdr)                Make it at least 19.69997pt, for example:
(fancyhdr)                \setlength{\headheight}{19.69997pt}.
(fancyhdr)                You might also make \topmargin smaller:
(fancyhdr)                \addtolength{\topmargin}{-5.69997pt}.

[11]

Package fancyhdr Warning: \headheight is too small (14.0pt): 
(fancyhdr)                Make it at least 19.69997pt, for example:
(fancyhdr)                \setlength{\headheight}{19.69997pt}.
(fancyhdr)                You might also make \topmargin smaller:
(fancyhdr)                \addtolength{\topmargin}{-5.69997pt}.

[12

]
LaTeX Font Info:    Font shape `TU/texgyreheros(0)/b/n' will be
(Font)              scaled to size 45.99991pt on input line 40.
LaTeX Font Info:    Font shape `TU/texgyreheros(0)/b/n' will be
(Font)              scaled to size 22.88956pt on input line 40.
 [1

] [2] (../chapters/it/ch01-cose-ai-dlc.tex
Capitolo 1.
LaTeX Font Info:    Font shape `TU/texgyreheros(0)/b/n' will be
(Font)              scaled to size 55.19989pt on input line 5.
[3

]

Package fancyhdr Warning: \headheight is too small (14.0pt): 
(fancyhdr)                Make it at least 19.69997pt, for example:
(fancyhdr)                \setlength{\headheight}{19.69997pt}.
(fancyhdr)                You might also make \topmargin smaller:
(fancyhdr)                \addtolength{\topmargin}{-5.69997pt}.

[4]

Package fancyhdr Warning: \headheight is too small (14.0pt): 
(fancyhdr)                Make it at least 19.69997pt, for example:
(fancyhdr)                \setlength{\headheight}{19.69997pt}.
(fancyhdr)                You might also make \topmargin smaller:
(fancyhdr)                \addtolength{\topmargin}{-5.69997pt}.

[5]
Overfull \hbox (38.51646pt too wide) in paragraph at lines 86--96
 [][] 
 []

LaTeX Font Info:    Font shape `TU/texgyreheros(0)/b/sc' will be
(Font)              scaled to size 9.19998pt on input line 103.

Package fancyhdr Warning: \headheight is too small (14.0pt): 
(fancyhdr)                Make it at least 19.69997pt, for example:
(fancyhdr)                \setlength{\headheight}{19.69997pt}.
(fancyhdr)                You might also make \topmargin smaller:
(fancyhdr)                \addtolength{\topmargin}{-5.69997pt}.

[6]

Package fancyhdr Warning: \headheight is too small (14.0pt): 
(fancyhdr)                Make it at least 19.69997pt, for example:
(fancyhdr)                \setlength{\headheight}{19.69997pt}.
(fancyhdr)                You might also make \topmargin smaller:
(fancyhdr)                \addtolength{\topmargin}{-5.69997pt}.

[7]

Package fancyhdr Warning: \headheight is too small (14.0pt): 
(fancyhdr)                Make it at least 19.69997pt, for example:
(fancyhdr)                \setlength{\headheight}{19.69997pt}.
(fancyhdr)                You might also make \topmargin smaller:
(fancyhdr)                \addtolength{\topmargin}{-5.69997pt}.

[8]) (../chapters/it/ch02-setup-primo-progetto.tex

Package fancyhdr Warning: \headheight is too small (14.0pt): 
(fancyhdr)                Make it at least 19.69997pt, for example:
(fancyhdr)                \setlength{\headheight}{19.69997pt}.
(fancyhdr)                You might also make \topmargin smaller:
(fancyhdr)                \addtolength{\topmargin}{-5.69997pt}.

[9]

Package fancyhdr Warning: \headheight is too small (14.0pt): 
(fancyhdr)                Make it at least 19.69997pt, for example:
(fancyhdr)                \setlength{\headheight}{19.69997pt}.
(fancyhdr)                You might also make \topmargin smaller:
(fancyhdr)                \addtolength{\topmargin}{-5.69997pt}.

[10

]
Capitolo 2.
Package hyperref Info: bookmark level for unknown lstlisting defaults to 0 on i
nput line 17.
[11]
(C:/Users/ricca/scoop/apps/miktex/current/texmfs/install/tex/latex/listings/lst
lang1.sty
File: lstlang1.sty 2025/11/14 1.11b listings language file
)
(C:/Users/ricca/scoop/apps/miktex/current/texmfs/install/tex/latex/listings/lst
lang1.sty
File: lstlang1.sty 2025/11/14 1.11b listings language file
)

Package fancyhdr Warning: \headheight is too small (14.0pt): 
(fancyhdr)                Make it at least 19.69997pt, for example:
(fancyhdr)                \setlength{\headheight}{19.69997pt}.
(fancyhdr)                You might also make \topmargin smaller:
(fancyhdr)                \addtolength{\topmargin}{-5.69997pt}.

[12]
LaTeX Font Info:    Font shape `TU/InconsolataN(0)/b/n' will be
(Font)              scaled to size 12.67206pt on input line 96.


Package fancyhdr Warning: \headheight is too small (14.0pt): 
(fancyhdr)                Make it at least 19.69997pt, for example:
(fancyhdr)                \setlength{\headheight}{19.69997pt}.
(fancyhdr)                You might also make \topmargin smaller:
(fancyhdr)                \addtolength{\topmargin}{-5.69997pt}.

[13]

Package fancyhdr Warning: \headheight is too small (14.0pt): 
(fancyhdr)                Make it at least 19.69997pt, for example:
(fancyhdr)                \setlength{\headheight}{19.69997pt}.
(fancyhdr)                You might also make \topmargin smaller:
(fancyhdr)                \addtolength{\topmargin}{-5.69997pt}.

[14]) (../chapters/it/ch03-sessione-reale.tex

Package fancyhdr Warning: \headheight is too small (14.0pt): 
(fancyhdr)                Make it at least 19.69997pt, for example:
(fancyhdr)                \setlength{\headheight}{19.69997pt}.
(fancyhdr)                You might also make \topmargin smaller:
(fancyhdr)                \addtolength{\topmargin}{-5.69997pt}.

[15]

Package fancyhdr Warning: \headheight is too small (14.0pt): 
(fancyhdr)                Make it at least 19.69997pt, for example:
(fancyhdr)                \setlength{\headheight}{19.69997pt}.
(fancyhdr)                You might also make \topmargin smaller:
(fancyhdr)                \addtolength{\topmargin}{-5.69997pt}.

[16]
Capitolo 3.
[17

]

Package fancyhdr Warning: \headheight is too small (14.0pt): 
(fancyhdr)                Make it at least 19.69997pt, for example:
(fancyhdr)                \setlength{\headheight}{19.69997pt}.
(fancyhdr)                You might also make \topmargin smaller:
(fancyhdr)                \addtolength{\topmargin}{-5.69997pt}.

[18]

Package fancyhdr Warning: \headheight is too small (14.0pt): 
(fancyhdr)                Make it at least 19.69997pt, for example:
(fancyhdr)                \setlength{\headheight}{19.69997pt}.
(fancyhdr)                You might also make \topmargin smaller:
(fancyhdr)                \addtolength{\topmargin}{-5.69997pt}.

[19]

Package fancyhdr Warning: \headheight is too small (14.0pt): 
(fancyhdr)                Make it at least 19.69997pt, for example:
(fancyhdr)                \setlength{\headheight}{19.69997pt}.
(fancyhdr)                You might also make \topmargin smaller:
(fancyhdr)                \addtolength{\topmargin}{-5.69997pt}.

[20])

Package fancyhdr Warning: \headheight is too small (14.0pt): 
(fancyhdr)                Make it at least 19.69997pt, for example:
(fancyhdr)                \setlength{\headheight}{19.69997pt}.
(fancyhdr)                You might also make \topmargin smaller:
(fancyhdr)                \addtolength{\topmargin}{-5.69997pt}.

[21]

Package fancyhdr Warning: \headheight is too small (14.0pt): 
(fancyhdr)                Make it at least 19.69997pt, for example:
(fancyhdr)                \setlength{\headheight}{19.69997pt}.
(fancyhdr)                You might also make \topmargin smaller:
(fancyhdr)                \addtolength{\topmargin}{-5.69997pt}.

[22

] [23] [24] (../chapters/it/ch04-context-md.tex
Capitolo 4.
LaTeX Font Info:    Font shape `TU/InconsolataN(0)/b/n' will be
(Font)              scaled to size 18.2513pt on input line 5.
[25

]

Package fancyhdr Warning: \headheight is too small (14.0pt): 
(fancyhdr)                Make it at least 19.69997pt, for example:
(fancyhdr)                \setlength{\headheight}{19.69997pt}.
(fancyhdr)                You might also make \topmargin smaller:
(fancyhdr)                \addtolength{\topmargin}{-5.69997pt}.

[26]

Package fancyhdr Warning: \headheight is too small (14.0pt): 
(fancyhdr)                Make it at least 19.69997pt, for example:
(fancyhdr)                \setlength{\headheight}{19.69997pt}.
(fancyhdr)                You might also make \topmargin smaller:
(fancyhdr)                \addtolength{\topmargin}{-5.69997pt}.

[27]
Overfull \hbox (15.96912pt too wide) in paragraph at lines 140--141
[]\TU/texgyretermes(0)/b/n/10 Met-te-re trop-po nel con-text. \TU/texgyretermes
(0)/m/n/10 Le re-go-le det-ta-glia-te del pro-get-to van-no in \TU/InconsolataN
(0)/m/n/10 .ai-dlc/project/instructions.md\TU/texgyretermes(0)/m/n/10 .
 []


Package fancyhdr Warning: \headheight is too small (14.0pt): 
(fancyhdr)                Make it at least 19.69997pt, for example:
(fancyhdr)                \setlength{\headheight}{19.69997pt}.
(fancyhdr)                You might also make \topmargin smaller:
(fancyhdr)                \addtolength{\topmargin}{-5.69997pt}.

[28]

Package fancyhdr Warning: \headheight is too small (14.0pt): 
(fancyhdr)                Make it at least 19.69997pt, for example:
(fancyhdr)                \setlength{\headheight}{19.69997pt}.
(fancyhdr)                You might also make \topmargin smaller:
(fancyhdr)                \addtolength{\topmargin}{-5.69997pt}.

[29]) (../chapters/it/ch05-progress-md.tex

Package fancyhdr Warning: \headheight is too small (14.0pt): 
(fancyhdr)                Make it at least 19.69997pt, for example:
(fancyhdr)                \setlength{\headheight}{19.69997pt}.
(fancyhdr)                You might also make \topmargin smaller:
(fancyhdr)                \addtolength{\topmargin}{-5.69997pt}.

[30]
Capitolo 5.
[31

]

Package fancyhdr Warning: \headheight is too small (14.0pt): 
(fancyhdr)                Make it at least 19.69997pt, for example:
(fancyhdr)                \setlength{\headheight}{19.69997pt}.
(fancyhdr)                You might also make \topmargin smaller:
(fancyhdr)                \addtolength{\topmargin}{-5.69997pt}.

[32]

Package fancyhdr Warning: \headheight is too small (14.0pt): 
(fancyhdr)                Make it at least 19.69997pt, for example:
(fancyhdr)                \setlength{\headheight}{19.69997pt}.
(fancyhdr)                You might also make \topmargin smaller:
(fancyhdr)                \addtolength{\topmargin}{-5.69997pt}.

[33]) (../chapters/it/ch06-fasi-e-modes.tex

Package fancyhdr Warning: \headheight is too small (14.0pt): 
(fancyhdr)                Make it at least 19.69997pt, for example:
(fancyhdr)                \setlength{\headheight}{19.69997pt}.
(fancyhdr)                You might also make \topmargin smaller:
(fancyhdr)                \addtolength{\topmargin}{-5.69997pt}.

[34]
Capitolo 6.
[35

]

Package fancyhdr Warning: \headheight is too small (14.0pt): 
(fancyhdr)                Make it at least 19.69997pt, for example:
(fancyhdr)                \setlength{\headheight}{19.69997pt}.
(fancyhdr)                You might also make \topmargin smaller:
(fancyhdr)                \addtolength{\topmargin}{-5.69997pt}.

[36]

LaTeX Font Warning: Font shape `TU/InconsolataN(0)/m/it' undefined
(Font)              using `TU/InconsolataN(0)/m/n' instead on input line 112.


Package fancyhdr Warning: \headheight is too small (14.0pt): 
(fancyhdr)                Make it at least 19.69997pt, for example:
(fancyhdr)                \setlength{\headheight}{19.69997pt}.
(fancyhdr)                You might also make \topmargin smaller:
(fancyhdr)                \addtolength{\topmargin}{-5.69997pt}.

[37])

Package fancyhdr Warning: \headheight is too small (14.0pt): 
(fancyhdr)                Make it at least 19.69997pt, for example:
(fancyhdr)                \setlength{\headheight}{19.69997pt}.
(fancyhdr)                You might also make \topmargin smaller:
(fancyhdr)                \addtolength{\topmargin}{-5.69997pt}.

[38] [39

] [40] (../chapters/it/ch07-classificazione-rischio.tex
Capitolo 7.
[41

]

Package fancyhdr Warning: \headheight is too small (14.0pt): 
(fancyhdr)                Make it at least 19.69997pt, for example:
(fancyhdr)                \setlength{\headheight}{19.69997pt}.
(fancyhdr)                You might also make \topmargin smaller:
(fancyhdr)                \addtolength{\topmargin}{-5.69997pt}.

[42]

Package fancyhdr Warning: \headheight is too small (14.0pt): 
(fancyhdr)                Make it at least 19.69997pt, for example:
(fancyhdr)                \setlength{\headheight}{19.69997pt}.
(fancyhdr)                You might also make \topmargin smaller:
(fancyhdr)                \addtolength{\topmargin}{-5.69997pt}.

[43]) (../chapters/it/ch08-model-levels.tex

Package fancyhdr Warning: \headheight is too small (14.0pt): 
(fancyhdr)                Make it at least 19.69997pt, for example:
(fancyhdr)                \setlength{\headheight}{19.69997pt}.
(fancyhdr)                You might also make \topmargin smaller:
(fancyhdr)                \addtolength{\topmargin}{-5.69997pt}.

[44]
Capitolo 8.

Overfull \hbox (9.58028pt too wide) in paragraph at lines 34--35
[]\TU/texgyretermes(0)/m/n/10 Il map-ping ai mo-del-li con-cre-ti (An-th-ro-pic,
 Ope-nAI, Ge-mi-ni) vi-ve in \TU/InconsolataN(0)/m/n/10 .ai-dlc/manifest.json#mo
del_levels
 []

[45

]

Package fancyhdr Warning: \headheight is too small (14.0pt): 
(fancyhdr)                Make it at least 19.69997pt, for example:
(fancyhdr)                \setlength{\headheight}{19.69997pt}.
(fancyhdr)                You might also make \topmargin smaller:
(fancyhdr)                \addtolength{\topmargin}{-5.69997pt}.

[46]) (../chapters/it/ch09-confidence-tags.tex

Package fancyhdr Warning: \headheight is too small (14.0pt): 
(fancyhdr)                Make it at least 19.69997pt, for example:
(fancyhdr)                \setlength{\headheight}{19.69997pt}.
(fancyhdr)                You might also make \topmargin smaller:
(fancyhdr)                \addtolength{\topmargin}{-5.69997pt}.

[47]

Package fancyhdr Warning: \headheight is too small (14.0pt): 
(fancyhdr)                Make it at least 19.69997pt, for example:
(fancyhdr)                \setlength{\headheight}{19.69997pt}.
(fancyhdr)                You might also make \topmargin smaller:
(fancyhdr)                \addtolength{\topmargin}{-5.69997pt}.

[48

]
Capitolo 9.
[49]

Package fancyhdr Warning: \headheight is too small (14.0pt): 
(fancyhdr)                Make it at least 19.69997pt, for example:
(fancyhdr)                \setlength{\headheight}{19.69997pt}.
(fancyhdr)                You might also make \topmargin smaller:
(fancyhdr)                \addtolength{\topmargin}{-5.69997pt}.

[50]) (../chapters/it/ch10-halt-triggers.tex

Package fancyhdr Warning: \headheight is too small (14.0pt): 
(fancyhdr)                Make it at least 19.69997pt, for example:
(fancyhdr)                \setlength{\headheight}{19.69997pt}.
(fancyhdr)                You might also make \topmargin smaller:
(fancyhdr)                \addtolength{\topmargin}{-5.69997pt}.

[51]

Package fancyhdr Warning: \headheight is too small (14.0pt): 
(fancyhdr)                Make it at least 19.69997pt, for example:
(fancyhdr)                \setlength{\headheight}{19.69997pt}.
(fancyhdr)                You might also make \topmargin smaller:
(fancyhdr)                \addtolength{\topmargin}{-5.69997pt}.

[52

]
Capitolo 10.
[53]
LaTeX Font Info:    Font shape `TU/InconsolataN(0)/m/it' will be
(Font)              scaled to size 7.92004pt on input line 65.


Package fancyhdr Warning: \headheight is too small (14.0pt): 
(fancyhdr)                Make it at least 19.69997pt, for example:
(fancyhdr)                \setlength{\headheight}{19.69997pt}.
(fancyhdr)                You might also make \topmargin smaller:
(fancyhdr)                \addtolength{\topmargin}{-5.69997pt}.

[54]) (../chapters/it/ch11-vincoli-sec-perf.tex

Package fancyhdr Warning: \headheight is too small (14.0pt): 
(fancyhdr)                Make it at least 19.69997pt, for example:
(fancyhdr)                \setlength{\headheight}{19.69997pt}.
(fancyhdr)                You might also make \topmargin smaller:
(fancyhdr)                \addtolength{\topmargin}{-5.69997pt}.

[55]

Package fancyhdr Warning: \headheight is too small (14.0pt): 
(fancyhdr)                Make it at least 19.69997pt, for example:
(fancyhdr)                \setlength{\headheight}{19.69997pt}.
(fancyhdr)                You might also make \topmargin smaller:
(fancyhdr)                \addtolength{\topmargin}{-5.69997pt}.

[56

]
Capitolo 11.
[57]

Package fancyhdr Warning: \headheight is too small (14.0pt): 
(fancyhdr)                Make it at least 19.69997pt, for example:
(fancyhdr)                \setlength{\headheight}{19.69997pt}.
(fancyhdr)                You might also make \topmargin smaller:
(fancyhdr)                \addtolength{\topmargin}{-5.69997pt}.

[58])

Package fancyhdr Warning: \headheight is too small (14.0pt): 
(fancyhdr)                Make it at least 19.69997pt, for example:
(fancyhdr)                \setlength{\headheight}{19.69997pt}.
(fancyhdr)                You might also make \topmargin smaller:
(fancyhdr)                \addtolength{\topmargin}{-5.69997pt}.

[59]

Package fancyhdr Warning: \headheight is too small (14.0pt): 
(fancyhdr)                Make it at least 19.69997pt, for example:
(fancyhdr)                \setlength{\headheight}{19.69997pt}.
(fancyhdr)                You might also make \topmargin smaller:
(fancyhdr)                \addtolength{\topmargin}{-5.69997pt}.

[60

] [61] [62] (../chapters/it/ch12-moduli-e-skill.tex
Capitolo 12.
[63

]

Package fancyhdr Warning: \headheight is too small (14.0pt): 
(fancyhdr)                Make it at least 19.69997pt, for example:
(fancyhdr)                \setlength{\headheight}{19.69997pt}.
(fancyhdr)                You might also make \topmargin smaller:
(fancyhdr)                \addtolength{\topmargin}{-5.69997pt}.

[64]) (../chapters/it/ch13-comandi-conversazionali.tex

Package fancyhdr Warning: \headheight is too small (14.0pt): 
(fancyhdr)                Make it at least 19.69997pt, for example:
(fancyhdr)                \setlength{\headheight}{19.69997pt}.
(fancyhdr)                You might also make \topmargin smaller:
(fancyhdr)                \addtolength{\topmargin}{-5.69997pt}.

[65]

Package fancyhdr Warning: \headheight is too small (14.0pt): 
(fancyhdr)                Make it at least 19.69997pt, for example:
(fancyhdr)                \setlength{\headheight}{19.69997pt}.
(fancyhdr)                You might also make \topmargin smaller:
(fancyhdr)                \addtolength{\topmargin}{-5.69997pt}.

[66

]
Capitolo 13.
LaTeX Font Info:    Font shape `TU/InconsolataN(0)/b/n' will be
(Font)              scaled to size 10.56006pt on input line 39.
[67]

Package fancyhdr Warning: \headheight is too small (14.0pt): 
(fancyhdr)                Make it at least 19.69997pt, for example:
(fancyhdr)                \setlength{\headheight}{19.69997pt}.
(fancyhdr)                You might also make \topmargin smaller:
(fancyhdr)                \addtolength{\topmargin}{-5.69997pt}.

[68]) (../chapters/it/ch14-multi-agente.tex

Package fancyhdr Warning: \headheight is too small (14.0pt): 
(fancyhdr)                Make it at least 19.69997pt, for example:
(fancyhdr)                \setlength{\headheight}{19.69997pt}.
(fancyhdr)                You might also make \topmargin smaller:
(fancyhdr)                \addtolength{\topmargin}{-5.69997pt}.

[69]

Package fancyhdr Warning: \headheight is too small (14.0pt): 
(fancyhdr)                Make it at least 19.69997pt, for example:
(fancyhdr)                \setlength{\headheight}{19.69997pt}.
(fancyhdr)                You might also make \topmargin smaller:
(fancyhdr)                \addtolength{\topmargin}{-5.69997pt}.

[70

]
Capitolo 14.
[71]

Package fancyhdr Warning: \headheight is too small (14.0pt): 
(fancyhdr)                Make it at least 19.69997pt, for example:
(fancyhdr)                \setlength{\headheight}{19.69997pt}.
(fancyhdr)                You might also make \topmargin smaller:
(fancyhdr)                \addtolength{\topmargin}{-5.69997pt}.

[72]) (../chapters/it/ch15-monorepo-legacy.tex

Package fancyhdr Warning: \headheight is too small (14.0pt): 
(fancyhdr)                Make it at least 19.69997pt, for example:
(fancyhdr)                \setlength{\headheight}{19.69997pt}.
(fancyhdr)                You might also make \topmargin smaller:
(fancyhdr)                \addtolength{\topmargin}{-5.69997pt}.

[73]

Package fancyhdr Warning: \headheight is too small (14.0pt): 
(fancyhdr)                Make it at least 19.69997pt, for example:
(fancyhdr)                \setlength{\headheight}{19.69997pt}.
(fancyhdr)                You might also make \topmargin smaller:
(fancyhdr)                \addtolength{\topmargin}{-5.69997pt}.

[74

]
Capitolo 15.

Underfull \hbox (badness 7685) in paragraph at lines 37--38
[]\TU/texgyretermes(0)/b/n/10 Ag-gior-na-men-to in-di-ce: \TU/texgyretermes(0)/
m/n/10 do-po ag-giun-te o spo-sta-men-ti di sot-to-pro-get-ti, ag-gior-na \TU/I
nconsolataN(0)/m/n/10 .ai-
 []

[75]
Overfull \hbox (2.00589pt too wide) in paragraph at lines 71--72
\TU/texgyretermes(0)/m/n/10 AI-DLC co-pre que-sto flus-so con due mo-du-li in se
-quen-za: pri-ma si ana-liz-za (\TU/InconsolataN(0)/m/n/10 09_CODEBASE_ANALYSIS.
md\TU/texgyretermes(0)/m/n/10 ),
 []


Package fancyhdr Warning: \headheight is too small (14.0pt): 
(fancyhdr)                Make it at least 19.69997pt, for example:
(fancyhdr)                \setlength{\headheight}{19.69997pt}.
(fancyhdr)                You might also make \topmargin smaller:
(fancyhdr)                \addtolength{\topmargin}{-5.69997pt}.

[76])

Package fancyhdr Warning: \headheight is too small (14.0pt): 
(fancyhdr)                Make it at least 19.69997pt, for example:
(fancyhdr)                \setlength{\headheight}{19.69997pt}.
(fancyhdr)                You might also make \topmargin smaller:
(fancyhdr)                \addtolength{\topmargin}{-5.69997pt}.

[77]

Package fancyhdr Warning: \headheight is too small (14.0pt): 
(fancyhdr)                Make it at least 19.69997pt, for example:
(fancyhdr)                \setlength{\headheight}{19.69997pt}.
(fancyhdr)                You might also make \topmargin smaller:
(fancyhdr)                \addtolength{\topmargin}{-5.69997pt}.

[78

] [79] [80] (../chapters/it/ch16-produzione.tex
Capitolo 16.
[81

]

Package fancyhdr Warning: \headheight is too small (14.0pt): 
(fancyhdr)                Make it at least 19.69997pt, for example:
(fancyhdr)                \setlength{\headheight}{19.69997pt}.
(fancyhdr)                You might also make \topmargin smaller:
(fancyhdr)                \addtolength{\topmargin}{-5.69997pt}.

[82]
Underfull \hbox (badness 5726) in paragraph at lines 116--117
[]\TU/texgyretermes(0)/m/n/10 Ag-gior-na-men-ti: co-pia so-lo \TU/InconsolataN(
0)/m/n/10 .ai-dlc/modules/ \TU/texgyretermes(0)/m/n/10 e fi-le di star-tup --- 
mai \TU/InconsolataN(0)/m/n/10 _CONTEXT.md \TU/texgyretermes(0)/m/n/10 o
 []

)

Package fancyhdr Warning: \headheight is too small (14.0pt): 
(fancyhdr)                Make it at least 19.69997pt, for example:
(fancyhdr)                \setlength{\headheight}{19.69997pt}.
(fancyhdr)                You might also make \topmargin smaller:
(fancyhdr)                \addtolength{\topmargin}{-5.69997pt}.

[83]

Package fancyhdr Warning: \headheight is too small (14.0pt): 
(fancyhdr)                Make it at least 19.69997pt, for example:
(fancyhdr)                \setlength{\headheight}{19.69997pt}.
(fancyhdr)                You might also make \topmargin smaller:
(fancyhdr)                \addtolength{\topmargin}{-5.69997pt}.

[84

] [85] [86] (../chapters/it/app-a-glossario.tex
Appendice A.
[87

]) (../chapters/it/app-b-comandi.tex

Package fancyhdr Warning: \headheight is too small (14.0pt): 
(fancyhdr)                Make it at least 19.69997pt, for example:
(fancyhdr)                \setlength{\headheight}{19.69997pt}.
(fancyhdr)                You might also make \topmargin smaller:
(fancyhdr)                \addtolength{\topmargin}{-5.69997pt}.

[88]
Appendice B.
[89

]) (../chapters/it/app-c-template.tex

Package fancyhdr Warning: \headheight is too small (14.0pt): 
(fancyhdr)                Make it at least 19.69997pt, for example:
(fancyhdr)                \setlength{\headheight}{19.69997pt}.
(fancyhdr)                You might also make \topmargin smaller:
(fancyhdr)                \addtolength{\topmargin}{-5.69997pt}.

[90]
Appendice C.
[91

]

Package fancyhdr Warning: \headheight is too small (14.0pt): 
(fancyhdr)                Make it at least 19.69997pt, for example:
(fancyhdr)                \setlength{\headheight}{19.69997pt}.
(fancyhdr)                You might also make \topmargin smaller:
(fancyhdr)                \addtolength{\topmargin}{-5.69997pt}.

[92]) (../chapters/it/app-d-risorse.tex

Package fancyhdr Warning: \headheight is too small (14.0pt): 
(fancyhdr)                Make it at least 19.69997pt, for example:
(fancyhdr)                \setlength{\headheight}{19.69997pt}.
(fancyhdr)                You might also make \topmargin smaller:
(fancyhdr)                \addtolength{\topmargin}{-5.69997pt}.

[93]

Package fancyhdr Warning: \headheight is too small (14.0pt): 
(fancyhdr)                Make it at least 19.69997pt, for example:
(fancyhdr)                \setlength{\headheight}{19.69997pt}.
(fancyhdr)                You might also make \topmargin smaller:
(fancyhdr)                \addtolength{\topmargin}{-5.69997pt}.

[94

]
Appendice D.
[95]
Underfull \vbox (badness 1661) has occurred while \output is active []



Package fancyhdr Warning: \headheight is too small (14.0pt): 
(fancyhdr)                Make it at least 19.69997pt, for example:
(fancyhdr)                \setlength{\headheight}{19.69997pt}.
(fancyhdr)                You might also make \topmargin smaller:
(fancyhdr)                \addtolength{\topmargin}{-5.69997pt}.

[96]

Package fancyhdr Warning: \headheight is too small (14.0pt): 
(fancyhdr)                Make it at least 19.69997pt, for example:
(fancyhdr)                \setlength{\headheight}{19.69997pt}.
(fancyhdr)                You might also make \topmargin smaller:
(fancyhdr)                \addtolength{\topmargin}{-5.69997pt}.

[97])

Package fancyhdr Warning: \headheight is too small (14.0pt): 
(fancyhdr)                Make it at least 19.69997pt, for example:
(fancyhdr)                \setlength{\headheight}{19.69997pt}.
(fancyhdr)                You might also make \topmargin smaller:
(fancyhdr)                \addtolength{\topmargin}{-5.69997pt}.

[98] (./book-it.ind) (./book-it.aux)
 ***********
LaTeX2e <2025-11-01>
L3 programming layer <2025-12-24>
 ***********


LaTeX Font Warning: Some font shapes were not available, defaults substituted.

Package rerunfilecheck Info: File `book-it.out' has not changed.
(rerunfilecheck)             Checksum: 2FB4C2F396E4A0531B6C02B57FB5E8E2;23719.
Package logreq Info: Writing requests to 'book-it.run.xml'.

\openout1 = book-it.run.xml
)

Here is how much of LuaTeX's memory you used:
 44657 strings out of 476081
 596944,1977958 words of node,token memory allocated
 693 words of node memory still in use:
   7 hlist, 2 vlist, 2 rule, 5 glue, 4 kern, 1 glyph, 20 attribute, 75 glue_spec
, 12 attribute_list, 3 write, 3 pdf_action nodes
   avail lists: 1:4,2:9863,3:460,4:12657,5:11850,6:89,7:14873,8:73,9:28637,10:63
,11:1456
 65225 multiletter control sequences out of 65536+600000
 87 fonts using 9899455 bytes
 108i,13n,110p,1199b,2228s stack positions out of 10000i,1000n,20000p,200000b,200000s
<C:/Users/ricca/scoop/apps/miktex/current/texmfs/install/fonts/opentype/public/t
ex-gyre/texgyretermes-bolditalic.otf><C:/Users/ricca/scoop/apps/miktex/current/t
exmfs/install/fonts/opentype/public/fontawesome5/FontAwesome5Free-Solid-900.otf>
<C:/Users/ricca/scoop/apps/miktex/current/texmfs/install/fonts/opentype/public/i
nconsolata/InconsolataN-Bold.otf><C:/Users/ricca/scoop/apps/miktex/current/texmf
s/install/fonts/opentype/public/inconsolata/InconsolataN-Regular.otf><C:/Users/r
icca/scoop/apps/miktex/current/texmfs/install/fonts/opentype/public/tex-gyre/tex
gyretermes-regular.otf><C:/Users/ricca/scoop/apps/miktex/current/texmfs/install/
fonts/opentype/public/tex-gyre/texgyretermes-italic.otf><C:/Users/ricca/scoop/ap
ps/miktex/current/texmfs/install/fonts/opentype/public/tex-gyre/texgyretermes-bo
ld.otf><C:/Users/ricca/scoop/apps/miktex/current/texmfs/install/fonts/opentype/p
ublic/tex-gyre/texgyreheros-regular.otf><C:/Users/ricca/scoop/apps/miktex/curren
t/texmfs/install/fonts/opentype/public/tex-gyre/texgyreheros-bold.otf><C:/Users/
ricca/scoop/apps/miktex/current/texmfs/install/fonts/type1/public/amsfonts/cm/cm
mi10.pfb><C:/Users/ricca/scoop/apps/miktex/current/texmfs/install/fonts/type1/pu
blic/amsfonts/cm/cmsy10.pfb>
Output written on book-it.pdf (110 pages, 478204 bytes).

PDF statistics: 1721 PDF objects out of 1728 (max. 8388607)
 824 named destinations out of 1000 (max. 1048576)
 832 words of extra memory for PDF output out of 10000 (max. 100000000)

