\BOOKMARK [0][-]{chapter*.2}{\376\377\000I\000n\000t\000r\000o\000d\000u\000z\000i\000o\000n\000e}{}% 1
\BOOKMARK [0][-]{chapter*.3}{\376\377\000A\000I\000-\000D\000L\000C\000\040\000i\000n\000\040\000u\000n\000a\000\040\000s\000c\000h\000e\000r\000m\000a\000t\000a}{}% 2
\BOOKMARK [-1][-]{part.1}{\376\377\000I\000\040\000I\000l\000\040\000F\000r\000a\000m\000e\000w\000o\000r\000k}{}% 3
\BOOKMARK [0][-]{chapter.1}{\376\377\0001\000\040\000A\000I\000-\000D\000L\000C\000:\000\040\000c\000o\000s\000'\000\350\000\040\000e\000\040\000p\000e\000r\000c\000h\000\351\000\040\000e\000s\000i\000s\000t\000e}{part.1}% 4
\BOOKMARK [1][-]{section.1.1}{\376\377\0001\000.\0001\000\040\000I\000\040\000q\000u\000a\000t\000t\000r\000o\000\040\000p\000r\000o\000b\000l\000e\000m\000i\000\040\000c\000h\000e\000\040\000A\000I\000-\000D\000L\000C\000\040\000r\000i\000s\000o\000l\000v\000e}{chapter.1}% 5
\BOOKMARK [1][-]{section.1.2}{\376\377\0001\000.\0002\000\040\000D\000a\000l\000\040\000v\000i\000b\000e\000\040\000c\000o\000d\000i\000n\000g\000\040\000a\000l\000l\000'\000i\000n\000g\000e\000g\000n\000e\000r\000i\000a\000:\000\040\000d\000o\000v\000e\000\040\000s\000i\000\040\000c\000o\000l\000l\000o\000c\000a\000\040\000A\000I\000-\000D\000L\000C}{chapter.1}% 6
\BOOKMARK [1][-]{section.1.3}{\376\377\0001\000.\0003\000\040\000C\000o\000s\000a\000\040\000N\000O\000N\000\040\000\350\000\040\000A\000I\000-\000D\000L\000C}{chapter.1}% 7
\BOOKMARK [1][-]{section.1.4}{\376\377\0001\000.\0004\000\040\000Q\000u\000a\000n\000d\000o\000\040\000u\000s\000a\000r\000l\000o\000\040\000\050\000e\000\040\000q\000u\000a\000n\000d\000o\000\040\000n\000o\000\051}{chapter.1}% 8
\BOOKMARK [1][-]{section.1.5}{\376\377\0001\000.\0005\000\040\000I\000\040\000p\000r\000e\000r\000e\000q\000u\000i\000s\000i\000t\000i}{chapter.1}% 9
\BOOKMARK [1][-]{section.1.6}{\376\377\0001\000.\0006\000\040\000I\000\040\000c\000o\000n\000c\000e\000t\000t\000i\000\040\000f\000o\000n\000d\000a\000m\000e\000n\000t\000a\000l\000i\000\040\000i\000n\000\040\000s\000i\000n\000t\000e\000s\000i}{chapter.1}% 10
\BOOKMARK [0][-]{chapter.2}{\376\377\0002\000\040\000S\000e\000t\000u\000p\000\040\000d\000e\000l\000\040\000p\000r\000i\000m\000o\000\040\000p\000r\000o\000g\000e\000t\000t\000o\000\040\000i\000n\000\040\0001\0005\000\040\000m\000i\000n\000u\000t\000i}{part.1}% 11
\BOOKMARK [1][-]{section.2.1}{\376\377\0002\000.\0001\000\040\000P\000a\000s\000s\000o\000\040\0001\000\040\040\024\000\040\000C\000o\000p\000i\000a\000r\000e\000\040\000i\000l\000\040\000f\000r\000a\000m\000e\000w\000o\000r\000k\000\040\000n\000e\000l\000\040\000r\000e\000p\000o\000s\000i\000t\000o\000r\000y}{chapter.2}% 12
\BOOKMARK [1][-]{section.2.2}{\376\377\0002\000.\0002\000\040\000P\000a\000s\000s\000o\000\040\0002\000\040\040\024\000\040\000S\000c\000a\000f\000f\000o\000l\000d\000\040\000d\000e\000l\000l\000o\000\040\000s\000t\000a\000t\000o\000\040\000d\000i\000\040\000p\000r\000o\000g\000e\000t\000t\000o}{chapter.2}% 13
\BOOKMARK [1][-]{section.2.3}{\376\377\0002\000.\0003\000\040\000P\000a\000s\000s\000o\000\040\0003\000\040\040\024\000\040\000C\000o\000m\000p\000i\000l\000a\000r\000e\000\040\000\137\000C\000O\000N\000T\000E\000X\000T\000.\000m\000d}{chapter.2}% 14
\BOOKMARK [1][-]{section.2.4}{\376\377\0002\000.\0004\000\040\000P\000a\000s\000s\000o\000\040\0004\000\040\040\024\000\040\000V\000e\000r\000i\000f\000i\000c\000a\000r\000e\000\040\000c\000o\000n\000\040\000i\000l\000\040\000v\000a\000l\000i\000d\000a\000t\000o\000r}{chapter.2}% 15
\BOOKMARK [1][-]{section.2.5}{\376\377\0002\000.\0005\000\040\000P\000a\000s\000s\000o\000\040\0005\000\040\040\024\000\040\000I\000l\000\040\000p\000r\000i\000m\000o\000\040\000t\000u\000r\000n\000o\000\040\000c\000o\000n\000\040\000l\000'\000a\000g\000e\000n\000t\000e}{chapter.2}% 16
\BOOKMARK [1][-]{section.2.6}{\376\377\0002\000.\0006\000\040\000S\000t\000r\000u\000t\000t\000u\000r\000a\000\040\000r\000a\000c\000c\000o\000m\000a\000n\000d\000a\000t\000a\000\040\000p\000e\000r\000\040\000.\000a\000i\000-\000d\000l\000c\000/\000p\000r\000o\000j\000e\000c\000t\000/}{chapter.2}% 17
\BOOKMARK [0][-]{chapter.3}{\376\377\0003\000\040\000U\000n\000a\000\040\000s\000e\000s\000s\000i\000o\000n\000e\000\040\000d\000i\000\040\000l\000a\000v\000o\000r\000o\000\040\000r\000e\000a\000l\000e}{part.1}% 18
\BOOKMARK [1][-]{section.3.1}{\376\377\0003\000.\0001\000\040\000I\000n\000i\000z\000i\000o\000\040\000s\000e\000s\000s\000i\000o\000n\000e\000\040\040\024\000\040\000i\000l\000\040\000b\000o\000o\000t\000s\000t\000r\000a\000p}{chapter.3}% 19
\BOOKMARK [1][-]{section.3.2}{\376\377\0003\000.\0002\000\040\000T\000a\000s\000k\000\040\000L\000O\000W\000\040\040\024\000\040\000u\000n\000a\000\040\000m\000o\000d\000i\000f\000i\000c\000a\000\040\000s\000e\000n\000z\000a\000\040\000f\000r\000e\000n\000i}{chapter.3}% 20
\BOOKMARK [1][-]{section.3.3}{\376\377\0003\000.\0003\000\040\000T\000a\000s\000k\000\040\000M\000E\000D\000I\000U\000M\000\040\040\024\000\040\000p\000r\000o\000p\000o\000s\000t\000a\000\040\000e\000\040\000a\000p\000p\000r\000o\000v\000a\000z\000i\000o\000n\000e}{chapter.3}% 21
\BOOKMARK [1][-]{section.3.4}{\376\377\0003\000.\0004\000\040\000T\000a\000s\000k\000\040\000H\000I\000G\000H\000\040\040\024\000\040\000l\000'\000H\000A\000L\000T\000\040\000i\000n\000\040\000a\000z\000i\000o\000n\000e}{chapter.3}% 22
\BOOKMARK [1][-]{section.3.5}{\376\377\0003\000.\0005\000\040\000I\000l\000\040\000c\000h\000e\000c\000k\000p\000o\000i\000n\000t}{chapter.3}% 23
\BOOKMARK [1][-]{section.3.6}{\376\377\0003\000.\0006\000\040\000F\000i\000n\000e\000\040\000s\000e\000s\000s\000i\000o\000n\000e}{chapter.3}% 24
\BOOKMARK [1][-]{section.3.7}{\376\377\0003\000.\0007\000\040\000I\000l\000\040\000c\000i\000c\000l\000o\000\040\000c\000o\000m\000p\000l\000e\000t\000o\000\040\000i\000n\000\040\000s\000i\000n\000t\000e\000s\000i}{chapter.3}% 25
\BOOKMARK [-1][-]{part.2}{\376\377\000I\000I\000\040\000L\000a\000\040\000M\000e\000m\000o\000r\000i\000a\000\040\000d\000e\000l\000\040\000P\000r\000o\000g\000e\000t\000t\000o}{}% 26
\BOOKMARK [0][-]{chapter.4}{\376\377\0004\000\040\000\137\000C\000O\000N\000T\000E\000X\000T\000.\000m\000d\000:\000\040\000l\000a\000\040\000f\000o\000n\000t\000e\000\040\000d\000i\000\040\000v\000e\000r\000i\000t\000\340}{part.2}% 27
\BOOKMARK [1][-]{section.4.1}{\376\377\0004\000.\0001\000\040\000D\000o\000v\000e\000\040\000v\000i\000v\000e\000\040\000e\000\040\000c\000o\000m\000e\000\040\000v\000i\000e\000n\000e\000\040\000t\000r\000o\000v\000a\000t\000o}{chapter.4}% 28
\BOOKMARK [1][-]{section.4.2}{\376\377\0004\000.\0002\000\040\000L\000a\000\040\000s\000t\000r\000u\000t\000t\000u\000r\000a\000\040\000d\000e\000l\000\040\000f\000i\000l\000e}{chapter.4}% 29
\BOOKMARK [1][-]{section.4.3}{\376\377\0004\000.\0003\000\040\000S\000e\000z\000i\000o\000n\000i\000\040\000o\000p\000z\000i\000o\000n\000a\000l\000i\000\040\000u\000t\000i\000l\000i}{chapter.4}% 30
\BOOKMARK [1][-]{section.4.4}{\376\377\0004\000.\0004\000\040\000C\000o\000m\000e\000\040\000a\000g\000g\000i\000o\000r\000n\000a\000r\000e\000\040\000\137\000C\000O\000N\000T\000E\000X\000T\000.\000m\000d}{chapter.4}% 31
\BOOKMARK [1][-]{section.4.5}{\376\377\0004\000.\0005\000\040\000T\000e\000m\000p\000l\000a\000t\000e\000\040\000m\000i\000n\000i\000m\000o\000\040\000v\000s\000\040\000t\000e\000m\000p\000l\000a\000t\000e\000\040\000c\000o\000m\000p\000l\000e\000t\000o}{chapter.4}% 32
\BOOKMARK [1][-]{section.4.6}{\376\377\0004\000.\0006\000\040\000E\000r\000r\000o\000r\000i\000\040\000c\000o\000m\000u\000n\000i}{chapter.4}% 33
\BOOKMARK [1][-]{section.4.7}{\376\377\0004\000.\0007\000\040\000I\000l\000\040\000c\000o\000n\000t\000e\000s\000t\000o\000\040\000n\000o\000n\000\040\000\350\000\040\000m\000a\000g\000i\000a}{chapter.4}% 34
\BOOKMARK [1][-]{section.4.8}{\376\377\0004\000.\0008\000\040\000C\000o\000n\000t\000e\000x\000t\000\040\000e\000n\000g\000i\000n\000e\000e\000r\000i\000n\000g\000:\000\040\000p\000e\000r\000c\000h\000\351\000\040\000m\000e\000n\000o\000\040\000c\000o\000n\000t\000e\000s\000t\000o\000\040\000r\000e\000n\000d\000e\000\040\000d\000i\000\040\000p\000i\000\371}{chapter.4}% 35
\BOOKMARK [0][-]{chapter.5}{\376\377\0005\000\040\000P\000R\000O\000G\000R\000E\000S\000S\000.\000m\000d\000\040\000e\000\040\000i\000l\000\040\000c\000a\000m\000b\000i\000o\000\040\000d\000i\000\040\000f\000a\000s\000e}{part.2}% 36
\BOOKMARK [1][-]{section.5.1}{\376\377\0005\000.\0001\000\040\000L\000a\000\040\000d\000i\000f\000f\000e\000r\000e\000n\000z\000a\000\040\000t\000r\000a\000\040\000c\000o\000n\000t\000e\000x\000t\000\040\000e\000\040\000p\000r\000o\000g\000r\000e\000s\000s}{chapter.5}% 37
\BOOKMARK [1][-]{section.5.2}{\376\377\0005\000.\0002\000\040\000S\000t\000r\000u\000t\000t\000u\000r\000a\000\040\000d\000i\000\040\000P\000R\000O\000G\000R\000E\000S\000S\000.\000m\000d}{chapter.5}% 38
\BOOKMARK [1][-]{section.5.3}{\376\377\0005\000.\0003\000\040\000C\000o\000s\000a\000\040\000s\000c\000r\000i\000v\000e\000r\000e\000\040\000i\000n\000\040\000o\000g\000n\000i\000\040\000v\000o\000c\000e}{chapter.5}% 39
\BOOKMARK [1][-]{section.5.4}{\376\377\0005\000.\0004\000\040\000C\000o\000m\000e\000\040\000P\000R\000O\000G\000R\000E\000S\000S\000.\000m\000d\000\040\000a\000c\000c\000e\000l\000e\000r\000a\000\040\000l\000e\000\040\000s\000e\000s\000s\000i\000o\000n\000i\000\040\000f\000u\000t\000u\000r\000e}{chapter.5}% 40
\BOOKMARK [1][-]{section.5.5}{\376\377\0005\000.\0005\000\040\000I\000l\000\040\000c\000a\000m\000b\000i\000o\000\040\000d\000i\000\040\000f\000a\000s\000e}{chapter.5}% 41
\BOOKMARK [1][-]{section.5.6}{\376\377\0005\000.\0006\000\040\000A\000g\000g\000i\000o\000r\000n\000a\000r\000e\000\040\000P\000R\000O\000G\000R\000E\000S\000S\000.\000m\000d\000\040\000s\000e\000n\000z\000a\000\040\000s\000f\000o\000r\000z\000o}{chapter.5}% 42
\BOOKMARK [1][-]{section.5.7}{\376\377\0005\000.\0007\000\040\000P\000R\000O\000G\000R\000E\000S\000S\000.\000m\000d\000\040\000i\000n\000\040\000t\000e\000a\000m}{chapter.5}% 43
\BOOKMARK [0][-]{chapter.6}{\376\377\0006\000\040\000F\000a\000s\000i\000\040\000e\000\040\000M\000o\000d\000e\000s}{part.2}% 44
\BOOKMARK [1][-]{section.6.1}{\376\377\0006\000.\0001\000\040\000L\000e\000\040\000s\000e\000t\000t\000e\000\040\000f\000a\000s\000i\000\040\000d\000e\000l\000\040\000c\000i\000c\000l\000o\000\040\000A\000I\000-\000D\000r\000i\000v\000e\000n}{chapter.6}% 45
\BOOKMARK [1][-]{section.6.2}{\376\377\0006\000.\0002\000\040\000I\000\040\000c\000i\000n\000q\000u\000e\000\040\000M\000o\000d\000e\000s}{chapter.6}% 46
\BOOKMARK [1][-]{section.6.3}{\376\377\0006\000.\0003\000\040\000S\000c\000e\000n\000a\000r\000i\000o\000\040\000t\000i\000p\000i\000c\000o\000\040\000s\000u\000\040\000T\000a\000s\000k\000F\000l\000o\000w\000\040\000A\000P\000I}{chapter.6}% 47
\BOOKMARK [1][-]{section.6.4}{\376\377\0006\000.\0004\000\040\000E\000r\000r\000o\000r\000i\000\040\000c\000o\000m\000u\000n\000i\000\040\000c\000o\000n\000\040\000F\000a\000s\000i\000\040\000e\000\040\000M\000o\000d\000e\000s}{chapter.6}% 48
\BOOKMARK [1][-]{section.6.5}{\376\377\0006\000.\0005\000\040\000D\000a\000l\000\040\000t\000a\000s\000k\000\040\000a\000l\000\040\000c\000o\000d\000i\000c\000e\000:\000\040\000i\000l\000\040\000c\000i\000c\000l\000o\000\040\000t\000e\000s\000t\000-\000d\000r\000i\000v\000e\000n}{chapter.6}% 49
\BOOKMARK [-1][-]{part.3}{\376\377\000I\000I\000I\000\040\000I\000l\000\040\000S\000i\000s\000t\000e\000m\000a\000\040\000d\000i\000\040\000S\000i\000c\000u\000r\000e\000z\000z\000a}{}% 50
\BOOKMARK [0][-]{chapter.7}{\376\377\0007\000\040\000C\000l\000a\000s\000s\000i\000f\000i\000c\000a\000z\000i\000o\000n\000e\000\040\000d\000e\000l\000\040\000r\000i\000s\000c\000h\000i\000o}{part.3}% 51
\BOOKMARK [1][-]{section.7.1}{\376\377\0007\000.\0001\000\040\000I\000\040\000c\000i\000n\000q\000u\000e\000\040\000l\000i\000v\000e\000l\000l\000i}{chapter.7}% 52
\BOOKMARK [1][-]{section.7.2}{\376\377\0007\000.\0002\000\040\000C\000o\000m\000e\000\040\000l\000'\000a\000g\000e\000n\000t\000e\000\040\000c\000l\000a\000s\000s\000i\000f\000i\000c\000a\000\040\000l\000e\000\040\000r\000i\000c\000h\000i\000e\000s\000t\000e}{chapter.7}% 53
\BOOKMARK [1][-]{section.7.3}{\376\377\0007\000.\0003\000\040\000I\000l\000\040\000r\000i\000s\000k\000\040\000f\000l\000o\000o\000r\000\040\000p\000e\000r\000\040\000i\000\040\000M\000o\000d\000e\000l\000\040\000L\000e\000v\000e\000l}{chapter.7}% 54
\BOOKMARK [0][-]{chapter.8}{\376\377\0008\000\040\000M\000o\000d\000e\000l\000\040\000L\000e\000v\000e\000l\000s\000:\000\040\000q\000u\000a\000l\000e\000\040\000A\000I\000\040\000p\000e\000r\000\040\000q\000u\000a\000l\000e\000\040\000t\000a\000s\000k}{part.3}% 55
\BOOKMARK [1][-]{section.8.1}{\376\377\0008\000.\0001\000\040\000L\000a\000\040\000s\000c\000a\000l\000a\000\040\0001\040\023\0007}{chapter.8}% 56
\BOOKMARK [1][-]{section.8.2}{\376\377\0008\000.\0002\000\040\000C\000o\000m\000e\000\040\000s\000t\000i\000m\000a\000r\000e\000\040\000i\000l\000\040\000l\000i\000v\000e\000l\000l\000o\000\040\000d\000i\000\040\000u\000n\000\040\000t\000a\000s\000k}{chapter.8}% 57
\BOOKMARK [1][-]{section.8.3}{\376\377\0008\000.\0003\000\040\000I\000\040\000r\000i\000s\000k\000\040\000f\000l\000o\000o\000r\000\040\000i\000n\000\040\000d\000e\000t\000t\000a\000g\000l\000i\000o}{chapter.8}% 58
\BOOKMARK [0][-]{chapter.9}{\376\377\0009\000\040\000C\000o\000n\000f\000i\000d\000e\000n\000c\000e\000\040\000T\000a\000g\000:\000\040\000F\000A\000C\000T\000,\000\040\000I\000N\000F\000E\000R\000R\000E\000D\000,\000\040\000A\000S\000S\000U\000M\000P\000T\000I\000O\000N}{part.3}% 59
\BOOKMARK [1][-]{section.9.1}{\376\377\0009\000.\0001\000\040\000I\000\040\000t\000r\000e\000\040\000t\000a\000g}{chapter.9}% 60
\BOOKMARK [1][-]{section.9.2}{\376\377\0009\000.\0002\000\040\000Q\000u\000a\000n\000d\000o\000\040\000i\000\040\000t\000a\000g\000\040\000s\000o\000n\000o\000\040\000o\000b\000b\000l\000i\000g\000a\000t\000o\000r\000i}{chapter.9}% 61
\BOOKMARK [1][-]{section.9.3}{\376\377\0009\000.\0003\000\040\000I\000l\000\040\000t\000a\000g\000\040\000c\000o\000m\000e\000\040\000s\000e\000g\000n\000a\000l\000e\000\040\000d\000i\000\040\000a\000z\000i\000o\000n\000e}{chapter.9}% 62
\BOOKMARK [1][-]{section.9.4}{\376\377\0009\000.\0004\000\040\000I\000n\000\040\000p\000r\000a\000t\000i\000c\000a\000\040\000s\000u\000\040\000T\000a\000s\000k\000F\000l\000o\000w\000\040\000A\000P\000I}{chapter.9}% 63
\BOOKMARK [0][-]{chapter.10}{\376\377\0001\0000\000\040\000H\000A\000L\000T\000\040\000T\000r\000i\000g\000g\000e\000r\000s\000:\000\040\000i\000l\000\040\000f\000r\000e\000n\000o\000\040\000d\000i\000\040\000e\000m\000e\000r\000g\000e\000n\000z\000a}{part.3}% 64
\BOOKMARK [1][-]{section.10.1}{\376\377\0001\0000\000.\0001\000\040\000I\000l\000\040\000f\000i\000l\000e\000\040\000h\000a\000l\000t\000-\000t\000r\000i\000g\000g\000e\000r\000s\000.\000y\000a\000m\000l}{chapter.10}% 65
\BOOKMARK [1][-]{section.10.2}{\376\377\0001\0000\000.\0002\000\040\000O\000v\000e\000r\000r\000i\000d\000e\000\040\000d\000i\000\040\000p\000r\000o\000g\000e\000t\000t\000o}{chapter.10}% 66
\BOOKMARK [1][-]{section.10.3}{\376\377\0001\0000\000.\0003\000\040\000I\000\040\000t\000r\000i\000g\000g\000e\000r\000\040\000n\000o\000n\000\040\000s\000i\000\040\000d\000i\000s\000a\000t\000t\000i\000v\000a\000n\000o\000\040\000m\000a\000i\000\040\000c\000o\000n\000\040\000i\000\040\000M\000o\000d\000e\000s}{chapter.10}% 67
\BOOKMARK [0][-]{chapter.11}{\376\377\0001\0001\000\040\000V\000i\000n\000c\000o\000l\000i\000\040\000S\000E\000C\000\040\000e\000\040\000P\000E\000R\000F}{part.3}% 68
\BOOKMARK [1][-]{section.11.1}{\376\377\0001\0001\000.\0001\000\040\000L\000a\000\040\000l\000i\000b\000r\000e\000r\000i\000a\000\040\000S\000E\000C\000\040\000\050\000s\000i\000c\000u\000r\000e\000z\000z\000a\000\051}{chapter.11}% 69
\BOOKMARK [1][-]{section.11.2}{\376\377\0001\0001\000.\0002\000\040\000L\000a\000\040\000l\000i\000b\000r\000e\000r\000i\000a\000\040\000P\000E\000R\000F\000\040\000\050\000p\000e\000r\000f\000o\000r\000m\000a\000n\000c\000e\000\051}{chapter.11}% 70
\BOOKMARK [1][-]{section.11.3}{\376\377\0001\0001\000.\0003\000\040\000C\000o\000m\000e\000\040\000a\000t\000t\000i\000v\000a\000r\000e\000\040\000i\000\040\000v\000i\000n\000c\000o\000l\000i\000\040\000i\000n\000\040\000\137\000C\000O\000N\000T\000E\000X\000T\000.\000m\000d}{chapter.11}% 71
\BOOKMARK [1][-]{section.11.4}{\376\377\0001\0001\000.\0004\000\040\000C\000o\000m\000e\000\040\000l\000'\000a\000g\000e\000n\000t\000e\000\040\000u\000s\000a\000\040\000i\000\040\000v\000i\000n\000c\000o\000l\000i}{chapter.11}% 72
\BOOKMARK [-1][-]{part.4}{\376\377\000I\000V\000\040\000W\000o\000r\000k\000f\000l\000o\000w\000\040\000A\000v\000a\000n\000z\000a\000t\000o}{}% 73
\BOOKMARK [0][-]{chapter.12}{\376\377\0001\0002\000\040\000M\000o\000d\000u\000l\000i\000\040\000e\000\040\000S\000k\000i\000l\000l\000:\000\040\000c\000a\000r\000i\000c\000a\000r\000e\000\040\000s\000o\000l\000o\000\040\000c\000i\000\362\000\040\000c\000h\000e\000\040\000s\000e\000r\000v\000e}{part.4}% 74
\BOOKMARK [1][-]{section.12.1}{\376\377\0001\0002\000.\0001\000\040\000L\000a\000\040\000d\000i\000s\000t\000i\000n\000z\000i\000o\000n\000e\000\040\000t\000r\000a\000\040\000m\000o\000d\000u\000l\000i\000\040\000e\000\040\000s\000k\000i\000l\000l}{chapter.12}% 75
\BOOKMARK [1][-]{section.12.2}{\376\377\0001\0002\000.\0002\000\040\000L\000a\000\040\000m\000a\000p\000p\000a\000\040\000d\000e\000i\000\040\000m\000o\000d\000u\000l\000i}{chapter.12}% 76
\BOOKMARK [1][-]{section.12.3}{\376\377\0001\0002\000.\0003\000\040\000L\000a\000\040\000m\000a\000p\000p\000a\000\040\000d\000e\000l\000l\000e\000\040\000s\000k\000i\000l\000l}{chapter.12}% 77
\BOOKMARK [1][-]{section.12.4}{\376\377\0001\0002\000.\0004\000\040\000S\000k\000i\000l\000l\000\040\000p\000e\000r\000s\000o\000n\000a\000l\000i\000z\000z\000a\000t\000e\000\040\000d\000i\000\040\000p\000r\000o\000g\000e\000t\000t\000o}{chapter.12}% 78
\BOOKMARK [1][-]{section.12.5}{\376\377\0001\0002\000.\0005\000\040\000I\000l\000\040\000m\000o\000d\000u\000l\000o\000\040\0000\0007\000\137\000S\000P\000E\000C\000I\000A\000L\000\137\000L\000A\000N\000E\000S\000.\000m\000d}{chapter.12}% 79
\BOOKMARK [0][-]{chapter.13}{\376\377\0001\0003\000\040\000C\000o\000m\000a\000n\000d\000i\000\040\000c\000o\000n\000v\000e\000r\000s\000a\000z\000i\000o\000n\000a\000l\000i}{part.4}% 80
\BOOKMARK [1][-]{section.13.1}{\376\377\0001\0003\000.\0001\000\040\000L\000a\000\040\000l\000i\000s\000t\000a\000\040\000c\000o\000m\000p\000l\000e\000t\000a}{chapter.13}% 81
\BOOKMARK [1][-]{section.13.2}{\376\377\0001\0003\000.\0002\000\040\000I\000\040\000c\000o\000m\000a\000n\000d\000i\000\040\000p\000i\000\371\000\040\000u\000s\000a\000t\000i\000\040\000i\000n\000\040\000d\000e\000t\000t\000a\000g\000l\000i\000o}{chapter.13}% 82
\BOOKMARK [1][-]{section.13.3}{\376\377\0001\0003\000.\0003\000\040\000R\000e\000g\000o\000l\000e\000\040\000c\000h\000e\000\040\000i\000\040\000c\000o\000m\000a\000n\000d\000i\000\040\000n\000o\000n\000\040\000p\000o\000s\000s\000o\000n\000o\000\040\000v\000i\000o\000l\000a\000r\000e}{chapter.13}% 83
\BOOKMARK [1][-]{section.13.4}{\376\377\0001\0003\000.\0004\000\040\000C\000o\000m\000a\000n\000d\000i\000\040\000p\000e\000r\000s\000o\000n\000a\000l\000i\000z\000z\000a\000t\000i\000\040\000d\000i\000\040\000p\000r\000o\000g\000e\000t\000t\000o}{chapter.13}% 84
\BOOKMARK [0][-]{chapter.14}{\376\377\0001\0004\000\040\000M\000u\000l\000t\000i\000-\000a\000g\000e\000n\000t\000e\000:\000\040\000C\000l\000a\000u\000d\000e\000,\000\040\000C\000o\000p\000i\000l\000o\000t\000,\000\040\000C\000o\000d\000e\000x\000,\000\040\000G\000e\000m\000i\000n\000i}{part.4}% 85
\BOOKMARK [1][-]{section.14.1}{\376\377\0001\0004\000.\0001\000\040\000U\000n\000o\000\040\000s\000t\000e\000s\000s\000o\000\040\000p\000r\000o\000g\000e\000t\000t\000o\000,\000\040\000p\000i\000\371\000\040\000e\000n\000t\000r\000y\000\040\000p\000o\000i\000n\000t}{chapter.14}% 86
\BOOKMARK [1][-]{section.14.2}{\376\377\0001\0004\000.\0002\000\040\000U\000n\000\040\000w\000o\000r\000k\000f\000l\000o\000w\000\040\000m\000u\000l\000t\000i\000-\000a\000g\000e\000n\000t\000e\000\040\000s\000u\000\040\000T\000a\000s\000k\000F\000l\000o\000w\000\040\000A\000P\000I}{chapter.14}% 87
\BOOKMARK [1][-]{section.14.3}{\376\377\0001\0004\000.\0003\000\040\000M\000a\000n\000t\000e\000n\000e\000r\000e\000\040\000C\000o\000p\000i\000l\000o\000t\000\040\000a\000l\000l\000i\000n\000e\000a\000t\000o}{chapter.14}% 88
\BOOKMARK [1][-]{section.14.4}{\376\377\0001\0004\000.\0004\000\040\000I\000\040\000l\000i\000m\000i\000t\000i\000\040\000d\000e\000l\000\040\000m\000u\000l\000t\000i\000-\000a\000g\000e\000n\000t\000e}{chapter.14}% 89
\BOOKMARK [0][-]{chapter.15}{\376\377\0001\0005\000\040\000M\000o\000n\000o\000r\000e\000p\000o\000,\000\040\000C\000o\000m\000p\000a\000n\000y\000\040\000E\000x\000t\000e\000n\000s\000i\000o\000n\000\040\000e\000\040\000C\000o\000d\000e\000b\000a\000s\000e\000\040\000L\000e\000g\000a\000c\000y}{part.4}% 90
\BOOKMARK [1][-]{section.15.1}{\376\377\0001\0005\000.\0001\000\040\000M\000o\000n\000o\000r\000e\000p\000o\000:\000\040\000u\000n\000\040\000f\000r\000a\000m\000e\000w\000o\000r\000k\000,\000\040\000p\000i\000\371\000\040\000p\000r\000o\000g\000e\000t\000t\000i}{chapter.15}% 91
\BOOKMARK [1][-]{section.15.2}{\376\377\0001\0005\000.\0002\000\040\000C\000o\000m\000p\000a\000n\000y\000\040\000e\000x\000t\000e\000n\000s\000i\000o\000n\000:\000\040\000p\000r\000o\000c\000e\000s\000s\000i\000\040\000S\000D\000L\000C\000\040\000a\000z\000i\000e\000n\000d\000a\000l\000i}{chapter.15}% 92
\BOOKMARK [1][-]{section.15.3}{\376\377\0001\0005\000.\0003\000\040\000C\000o\000d\000e\000b\000a\000s\000e\000\040\000l\000e\000g\000a\000c\000y\000:\000\040\000a\000n\000a\000l\000i\000s\000i\000\040\000e\000\040\000d\000o\000c\000u\000m\000e\000n\000t\000a\000z\000i\000o\000n\000e}{chapter.15}% 93
\BOOKMARK [-1][-]{part.5}{\376\377\000V\000\040\000I\000n\000\040\000P\000r\000o\000d\000u\000z\000i\000o\000n\000e}{}% 94
\BOOKMARK [0][-]{chapter.16}{\376\377\0001\0006\000\040\000T\000r\000o\000u\000b\000l\000e\000s\000h\000o\000o\000t\000i\000n\000g\000,\000\040\000C\000I\000/\000C\000D\000\040\000e\000\040\000M\000a\000n\000u\000t\000e\000n\000z\000i\000o\000n\000e\000\040\000d\000e\000l\000\040\000F\000r\000a\000m\000e\000w\000o\000r\000k}{part.5}% 95
\BOOKMARK [1][-]{section.16.1}{\376\377\0001\0006\000.\0001\000\040\000T\000r\000o\000u\000b\000l\000e\000s\000h\000o\000o\000t\000i\000n\000g\000\040\040\024\000\040\000p\000r\000o\000b\000l\000e\000m\000i\000\040\000c\000o\000m\000u\000n\000i}{chapter.16}% 96
\BOOKMARK [1][-]{section.16.2}{\376\377\0001\0006\000.\0002\000\040\000I\000n\000t\000e\000g\000r\000a\000z\000i\000o\000n\000e\000\040\000C\000I\000/\000C\000D}{chapter.16}% 97
\BOOKMARK [1][-]{section.16.3}{\376\377\0001\0006\000.\0003\000\040\000M\000a\000n\000u\000t\000e\000n\000z\000i\000o\000n\000e\000\040\000d\000e\000l\000\040\000f\000r\000a\000m\000e\000w\000o\000r\000k\000\040\000n\000e\000l\000\040\000t\000e\000m\000p\000o}{chapter.16}% 98
\BOOKMARK [1][-]{section.16.4}{\376\377\0001\0006\000.\0004\000\040\000L\000'\000a\000g\000e\000n\000t\000e\000\040\000i\000n\000\040\000F\000a\000s\000e\000\040\0006\000\040\040\024\000\040\000O\000p\000s}{chapter.16}% 99
\BOOKMARK [-1][-]{part.6}{\376\377\000V\000I\000\040\000A\000p\000p\000e\000n\000d\000i\000c\000i}{}% 100
\BOOKMARK [0][-]{appendix.Alph1}{\376\377\000A\000\040\000G\000l\000o\000s\000s\000a\000r\000i\000o}{part.6}% 101
\BOOKMARK [0][-]{appendix.Alph2}{\376\377\000B\000\040\000C\000o\000m\000a\000n\000d\000i\000\040\000C\000o\000n\000v\000e\000r\000s\000a\000z\000i\000o\000n\000a\000l\000i\000\040\000C\000o\000m\000p\000l\000e\000t\000i}{part.6}% 102
\BOOKMARK [0][-]{appendix.Alph3}{\376\377\000C\000\040\000T\000e\000m\000p\000l\000a\000t\000e\000\040\000P\000r\000o\000n\000t\000i\000\040\000a\000l\000l\000'\000U\000s\000o}{part.6}% 103
\BOOKMARK [0][-]{appendix.Alph4}{\376\377\000D\000\040\000R\000i\000s\000o\000r\000s\000e\000\040\000e\000\040\000L\000e\000t\000t\000u\000r\000e\000\040\000C\000o\000n\000s\000i\000g\000l\000i\000a\000t\000e}{part.6}% 104
